<!DOCTYPE html>

<html>
  <head>
  <meta charset='utf-8'>
  <title>TestNG reports</title>

    <link type="text/css" href="testng-reports.css" rel="stylesheet" />
    <script type="text/javascript" src="jquery-1.7.1.min.js"></script>
    <script type="text/javascript" src="testng-reports.js"></script>
    <script type="text/javascript" src="https://www.google.com/jsapi"></script>
    <script type='text/javascript'>
      google.load('visualization', '1', {packages:['table']});
      google.setOnLoadCallback(drawTable);
      var suiteTableInitFunctions = new Array();
      var suiteTableData = new Array();
    </script>
    <!--
      <script type="text/javascript" src="jquery-ui/js/jquery-ui-1.8.16.custom.min.js"></script>
     -->
  </head>

  <body>
    <div class="top-banner-root">
      <span class="top-banner-title-font">Test results</span>
      <br/>
      <span class="top-banner-font-1">1 suite, 21 failed tests</span>
    </div> <!-- top-banner-root -->
    <div class="navigator-root">
      <div class="navigator-suite-header">
        <span>All suites</span>
        <a href="#" class="collapse-all-link" title="Collapse/expand all the suites">
          <img class="collapse-all-icon" src="collapseall.gif">
          </img> <!-- collapse-all-icon -->
        </a> <!-- collapse-all-link -->
      </div> <!-- navigator-suite-header -->
      <div class="suite">
        <div class="rounded-window">
          <div class="suite-header light-rounded-window-top">
            <a href="#" class="navigator-link" panel-name="suite-Default_suite">
              <span class="suite-name border-failed">Default suite</span>
            </a> <!-- navigator-link -->
          </div> <!-- suite-header light-rounded-window-top -->
          <div class="navigator-suite-content">
            <div class="suite-section-title">
              <span>Info</span>
            </div> <!-- suite-section-title -->
            <div class="suite-section-content">
              <ul>
                <li>
                  <a href="#" class="navigator-link " panel-name="test-xml-Default_suite">
                    <span>testng-customsuite.xml</span>
                  </a> <!-- navigator-link  -->
                </li>
                <li>
                  <a href="#" class="navigator-link " panel-name="testlist-Default_suite">
                    <span class="test-stats">1 test</span>
                  </a> <!-- navigator-link  -->
                </li>
                <li>
                  <a href="#" class="navigator-link " panel-name="group-Default_suite">
                    <span>0 groups</span>
                  </a> <!-- navigator-link  -->
                </li>
                <li>
                  <a href="#" class="navigator-link " panel-name="times-Default_suite">
                    <span>Times</span>
                  </a> <!-- navigator-link  -->
                </li>
                <li>
                  <a href="#" class="navigator-link " panel-name="reporter-Default_suite">
                    <span>Reporter output</span>
                  </a> <!-- navigator-link  -->
                </li>
                <li>
                  <a href="#" class="navigator-link " panel-name="ignored-methods-Default_suite">
                    <span>Ignored methods</span>
                  </a> <!-- navigator-link  -->
                </li>
                <li>
                  <a href="#" class="navigator-link " panel-name="chronological-Default_suite">
                    <span>Chronological view</span>
                  </a> <!-- navigator-link  -->
                </li>
              </ul>
            </div> <!-- suite-section-content -->
            <div class="result-section">
              <div class="suite-section-title">
                <span>Results</span>
              </div> <!-- suite-section-title -->
              <div class="suite-section-content">
                <ul>
                  <li>
                    <span class="method-stats">47 methods, 21 failed,   26 passed</span>
                  </li>
                  <li>
                    <span class="method-list-title failed">Failed methods</span>
                    <span class="show-or-hide-methods failed">
                      <a href="#" panel-name="suite-Default_suite" class="hide-methods failed suite-Default_suite"> (hide)</a> <!-- hide-methods failed suite-Default_suite -->
                      <a href="#" panel-name="suite-Default_suite" class="show-methods failed suite-Default_suite"> (show)</a> <!-- show-methods failed suite-Default_suite -->
                    </span>
                    <div class="method-list-content failed suite-Default_suite">
                      <span>
                        <img width="3%" src="failed.png"/>
                        <a href="#" class="method navigator-link" panel-name="suite-Default_suite" title="core.ElementsValidationTestV" hash-for-method="test(Element: Checkbox terms, index.php, id_checkbox, (26, 26), (314, 419))">test(Element: Checkbox terms, index.php, id_checkbox, (26, 26), (314, 419))</a> <!-- method navigator-link -->
                      </span>
                      <br/>
                      <span>
                        <img width="3%" src="failed.png"/>
                        <a href="#" class="method navigator-link" panel-name="suite-Default_suite" title="core.ElementsValidationTestV" hash-for-method="test(Element: Label Terms? conf, confirmation.php, id_f_label_terms_conf, (70, 24), (321, 394))">test(Element: Label Terms? conf, confirmation.php, id_f_label_terms_conf, (70, 24), (321, 394))</a> <!-- method navigator-link -->
                      </span>
                      <br/>
                      <span>
                        <img width="3%" src="failed.png"/>
                        <a href="#" class="method navigator-link" panel-name="suite-Default_suite" title="core.ElementsValidationTestV" hash-for-method="test(Element: Radio button Female, index.php, id_g_radio_02, (26, 26), (505, 354))">test(Element: Radio button Female, index.php, id_g_radio_02, (26, 26), (505, 354))</a> <!-- method navigator-link -->
                      </span>
                      <br/>
                      <span>
                        <img width="3%" src="failed.png"/>
                        <a href="#" class="method navigator-link" panel-name="suite-Default_suite" title="core.ElementsValidationTestV" hash-for-method="test(Element: First name conf, confirmation.php, id_fname_conf, (10, 42), (321, 186))">test(Element: First name conf, confirmation.php, id_fname_conf, (10, 42), (321, 186))</a> <!-- method navigator-link -->
                      </span>
                      <br/>
                      <span>
                        <img width="3%" src="failed.png"/>
                        <a href="#" class="method navigator-link" panel-name="suite-Default_suite" title="core.ElementsValidationTestV" hash-for-method="test(Element: Label last name conf, confirmation.php, id_f_label_ln_conf, (103, 24), (746, 154))">test(Element: Label last name conf, confirmation.php, id_f_label_ln_conf, (103, 24), (746, 154))</a> <!-- method navigator-link -->
                      </span>
                      <br/>
                      <span>
                        <img width="3%" src="failed.png"/>
                        <a href="#" class="method navigator-link" panel-name="suite-Default_suite" title="core.ElementsValidationTestV" hash-for-method="test(Element: Label first name conf, confirmation.php, id_f_label_fn_conf, (104, 24), (321, 154))">test(Element: Label first name conf, confirmation.php, id_f_label_fn_conf, (104, 24), (321, 154))</a> <!-- method navigator-link -->
                      </span>
                      <br/>
                      <span>
                        <img width="3%" src="failed.png"/>
                        <a href="#" class="method navigator-link" panel-name="suite-Default_suite" title="core.ElementsValidationTestV" hash-for-method="test(Element: Label I agree, index.php, id_cb_label, (231, 30), (357, 414))">test(Element: Label I agree, index.php, id_cb_label, (231, 30), (357, 414))</a> <!-- method navigator-link -->
                      </span>
                      <br/>
                      <span>
                        <img width="3%" src="failed.png"/>
                        <a href="#" class="method navigator-link" panel-name="suite-Default_suite" title="core.ElementsValidationTestV" hash-for-method="test">test</a> <!-- method navigator-link -->
                      </span>
                      <br/>
                      <span>
                        <img width="3%" src="failed.png"/>
                        <a href="#" class="method navigator-link" panel-name="suite-Default_suite" title="core.ElementsValidationTestV" hash-for-method="test(Element: Label radio male, index.php, id_r_label_m, (44, 23), (366, 355))">test(Element: Label radio male, index.php, id_r_label_m, (44, 23), (366, 355))</a> <!-- method navigator-link -->
                      </span>
                      <br/>
                      <span>
                        <img width="3%" src="failed.png"/>
                        <a href="#" class="method navigator-link" panel-name="suite-Default_suite" title="core.ElementsValidationTestV" hash-for-method="test(Element: State conf, confirmation.php, id_state_conf, (10, 42), (746, 346))">test(Element: State conf, confirmation.php, id_state_conf, (10, 42), (746, 346))</a> <!-- method navigator-link -->
                      </span>
                      <br/>
                      <span>
                        <img width="3%" src="failed.png"/>
                        <a href="#" class="method navigator-link" panel-name="suite-Default_suite" title="core.ElementsValidationTestV" hash-for-method="test(Element: Email conf, confirmation.php, id_email_conf, (10, 42), (321, 266))">test(Element: Email conf, confirmation.php, id_email_conf, (10, 42), (321, 266))</a> <!-- method navigator-link -->
                      </span>
                      <br/>
                      <span>
                        <img width="3%" src="failed.png"/>
                        <a href="#" class="method navigator-link" panel-name="suite-Default_suite" title="core.ElementsValidationTestV" hash-for-method="test(Element: Gender conf, confirmation.php, id_gender_conf, (10, 42), (321, 346))">test(Element: Gender conf, confirmation.php, id_gender_conf, (10, 42), (321, 346))</a> <!-- method navigator-link -->
                      </span>
                      <br/>
                      <span>
                        <img width="3%" src="failed.png"/>
                        <a href="#" class="method navigator-link" panel-name="suite-Default_suite" title="core.ElementsValidationTestV" hash-for-method="test(Element: Label phone conf, confirmation.php, id_f_label_phone_conf, (143, 24), (746, 234))">test(Element: Label phone conf, confirmation.php, id_f_label_phone_conf, (143, 24), (746, 234))</a> <!-- method navigator-link -->
                      </span>
                      <br/>
                      <span>
                        <img width="3%" src="failed.png"/>
                        <a href="#" class="method navigator-link" panel-name="suite-Default_suite" title="core.ElementsValidationTestV" hash-for-method="test(Element: Label state conf, confirmation.php, id_f_label_state_conf, (50, 24), (746, 314))">test(Element: Label state conf, confirmation.php, id_f_label_state_conf, (50, 24), (746, 314))</a> <!-- method navigator-link -->
                      </span>
                      <br/>
                      <span>
                        <img width="3%" src="failed.png"/>
                        <a href="#" class="method navigator-link" panel-name="suite-Default_suite" title="core.ElementsValidationTestV" hash-for-method="test(Element: Label email conf, confirmation.php, id_f_label_email_conf, (138, 24), (321, 234))">test(Element: Label email conf, confirmation.php, id_f_label_email_conf, (138, 24), (321, 234))</a> <!-- method navigator-link -->
                      </span>
                      <br/>
                      <span>
                        <img width="3%" src="failed.png"/>
                        <a href="#" class="method navigator-link" panel-name="suite-Default_suite" title="core.ElementsValidationTestV" hash-for-method="test(Element: Last name conf, confirmation.php, id_lname_conf, (10, 42), (746, 186))">test(Element: Last name conf, confirmation.php, id_lname_conf, (10, 42), (746, 186))</a> <!-- method navigator-link -->
                      </span>
                      <br/>
                      <span>
                        <img width="3%" src="failed.png"/>
                        <a href="#" class="method navigator-link" panel-name="suite-Default_suite" title="core.ElementsValidationTestV" hash-for-method="test(Element: Terms conf, confirmation.php, id_terms_conf, (10, 42), (321, 426))">test(Element: Terms conf, confirmation.php, id_terms_conf, (10, 42), (321, 426))</a> <!-- method navigator-link -->
                      </span>
                      <br/>
                      <span>
                        <img width="3%" src="failed.png"/>
                        <a href="#" class="method navigator-link" panel-name="suite-Default_suite" title="core.ElementsValidationTestV" hash-for-method="test(Element: Label gender conf, confirmation.php, id_f_label_gender_conf, (71, 24), (321, 314))">test(Element: Label gender conf, confirmation.php, id_f_label_gender_conf, (71, 24), (321, 314))</a> <!-- method navigator-link -->
                      </span>
                      <br/>
                      <span>
                        <img width="3%" src="failed.png"/>
                        <a href="#" class="method navigator-link" panel-name="suite-Default_suite" title="core.ElementsValidationTestV" hash-for-method="test(Element: Phone_number conf, confirmation.php, id_phone_conf, (10, 42), (746, 266))">test(Element: Phone_number conf, confirmation.php, id_phone_conf, (10, 42), (746, 266))</a> <!-- method navigator-link -->
                      </span>
                      <br/>
                      <span>
                        <img width="3%" src="failed.png"/>
                        <a href="#" class="method navigator-link" panel-name="suite-Default_suite" title="core.ElementsValidationTestV" hash-for-method="test(Element: Label radio female, index.php, id_r_label_f, (66, 23), (545, 355))">test(Element: Label radio female, index.php, id_r_label_f, (66, 23), (545, 355))</a> <!-- method navigator-link -->
                      </span>
                      <br/>
                      <span>
                        <img width="3%" src="failed.png"/>
                        <a href="#" class="method navigator-link" panel-name="suite-Default_suite" title="core.ElementsValidationTestV" hash-for-method="test(Element: Radio button Male, index.php, id_g_radio_01, (26, 26), (326, 354))">test(Element: Radio button Male, index.php, id_g_radio_01, (26, 26), (326, 354))</a> <!-- method navigator-link -->
                      </span>
                      <br/>
                    </div> <!-- method-list-content failed suite-Default_suite -->
                  </li>
                  <li>
                    <span class="method-list-title passed">Passed methods</span>
                    <span class="show-or-hide-methods passed">
                      <a href="#" panel-name="suite-Default_suite" class="hide-methods passed suite-Default_suite"> (hide)</a> <!-- hide-methods passed suite-Default_suite -->
                      <a href="#" panel-name="suite-Default_suite" class="show-methods passed suite-Default_suite"> (show)</a> <!-- show-methods passed suite-Default_suite -->
                    </span>
                    <div class="method-list-content passed suite-Default_suite">
                      <span>
                        <img width="3%" src="passed.png"/>
                        <a href="#" class="method navigator-link" panel-name="suite-Default_suite" title="core.ElementsValidationTestV" hash-for-method="test(Element: Image Youtube, index.php, id_img_youtube, (60, 60), (520, 478))">test(Element: Image Youtube, index.php, id_img_youtube, (60, 60), (520, 478))</a> <!-- method navigator-link -->
                      </span>
                      <br/>
                      <span>
                        <img width="3%" src="passed.png"/>
                        <a href="#" class="method navigator-link" panel-name="suite-Default_suite" title="core.ElementsValidationTestV" hash-for-method="test(Element: Page title (Sing Up), index.php, id_f_title, (151, 44), (314, 87))">test(Element: Page title (Sing Up), index.php, id_f_title, (151, 44), (314, 87))</a> <!-- method navigator-link -->
                      </span>
                      <br/>
                      <span>
                        <img width="3%" src="passed.png"/>
                        <a href="#" class="method navigator-link" panel-name="suite-Default_suite" title="core.ElementsValidationTestV" hash-for-method="test(Element: quotes, index.php, id_quotes, (1421, 20), (9, 49))">test(Element: quotes, index.php, id_quotes, (1421, 20), (9, 49))</a> <!-- method navigator-link -->
                      </span>
                      <br/>
                      <span>
                        <img width="3%" src="passed.png"/>
                        <a href="#" class="method navigator-link" panel-name="suite-Default_suite" title="core.ElementsValidationTestV" hash-for-method="test(Element: Image Facebook, index.php, id_img_facebook, (60, 60), (314, 478))">test(Element: Image Facebook, index.php, id_img_facebook, (60, 60), (314, 478))</a> <!-- method navigator-link -->
                      </span>
                      <br/>
                      <span>
                        <img width="3%" src="passed.png"/>
                        <a href="#" class="method navigator-link" panel-name="suite-Default_suite" title="core.ElementsValidationTestV" hash-for-method="test(Element: weather_icon, index.php, id_weather_icon, (50, 50), (957, 99))">test(Element: weather_icon, index.php, id_weather_icon, (50, 50), (957, 99))</a> <!-- method navigator-link -->
                      </span>
                      <br/>
                      <span>
                        <img width="3%" src="passed.png"/>
                        <a href="#" class="method navigator-link" panel-name="suite-Default_suite" title="core.ElementsValidationTestV" hash-for-method="test(Element: Button Reset, index.php, id_reset_button, (104, 37), (751, 494))">test(Element: Button Reset, index.php, id_reset_button, (104, 37), (751, 494))</a> <!-- method navigator-link -->
                      </span>
                      <br/>
                      <span>
                        <img width="3%" src="passed.png"/>
                        <a href="#" class="method navigator-link" panel-name="suite-Default_suite" title="core.ElementsValidationTestV" hash-for-method="test(Element: Label email, index.php, id_f_label_ea, (138, 24), (314, 234))">test(Element: Label email, index.php, id_f_label_ea, (138, 24), (314, 234))</a> <!-- method navigator-link -->
                      </span>
                      <br/>
                      <span>
                        <img width="3%" src="passed.png"/>
                        <a href="#" class="method navigator-link" panel-name="suite-Default_suite" title="core.ElementsValidationTestV" hash-for-method="test(Element: Image Twitter, index.php, id_img_twitter, (60, 60), (382, 478))">test(Element: Image Twitter, index.php, id_img_twitter, (60, 60), (382, 478))</a> <!-- method navigator-link -->
                      </span>
                      <br/>
                      <span>
                        <img width="3%" src="passed.png"/>
                        <a href="#" class="method navigator-link" panel-name="suite-Default_suite" title="core.ElementsValidationTestV" hash-for-method="test(Element: temperature, index.php, id_temperature, (72, 42), (1015, 103))">test(Element: temperature, index.php, id_temperature, (72, 42), (1015, 103))</a> <!-- method navigator-link -->
                      </span>
                      <br/>
                      <span>
                        <img width="3%" src="passed.png"/>
                        <a href="#" class="method navigator-link" panel-name="suite-Default_suite" title="core.ElementsValidationTestV" hash-for-method="test(Element: Drop-down List State, index.php, id_state, (340, 35), (739, 347))">test(Element: Drop-down List State, index.php, id_state, (340, 35), (739, 347))</a> <!-- method navigator-link -->
                      </span>
                      <br/>
                      <span>
                        <img width="3%" src="passed.png"/>
                        <a href="#" class="method navigator-link" panel-name="suite-Default_suite" title="core.ElementsValidationTestV" hash-for-method="test(Element: current_location, index.php, id_current_location, (178, 24), (910, 71))">test(Element: current_location, index.php, id_current_location, (178, 24), (910, 71))</a> <!-- method navigator-link -->
                      </span>
                      <br/>
                      <span>
                        <img width="3%" src="passed.png"/>
                        <a href="#" class="method navigator-link" panel-name="suite-Default_suite" title="core.ElementsValidationTestV" hash-for-method="test(Element: Conf Page Title, confirmation.php, id_f_title, (249, 44), (320, 85))">test(Element: Conf Page Title, confirmation.php, id_f_title, (249, 44), (320, 85))</a> <!-- method navigator-link -->
                      </span>
                      <br/>
                      <span>
                        <img width="3%" src="passed.png"/>
                        <a href="#" class="method navigator-link" panel-name="suite-Default_suite" title="core.ElementsValidationTestV" hash-for-method="test(Element: Image Flickr, index.php, id_img_flickr, (60, 60), (451, 478))">test(Element: Image Flickr, index.php, id_img_flickr, (60, 60), (451, 478))</a> <!-- method navigator-link -->
                      </span>
                      <br/>
                      <span>
                        <img width="3%" src="passed.png"/>
                        <a href="#" class="method navigator-link" panel-name="suite-Default_suite" title="core.ElementsValidationTestV" hash-for-method="test(Element: Label last name, index.php, id_f_label_ln, (103, 24), (739, 154))">test(Element: Label last name, index.php, id_f_label_ln, (103, 24), (739, 154))</a> <!-- method navigator-link -->
                      </span>
                      <br/>
                      <span>
                        <img width="3%" src="passed.png"/>
                        <a href="#" class="method navigator-link" panel-name="suite-Default_suite" title="core.ElementsValidationTestV" hash-for-method="test(Element: Label first name, index.php, id_f_label_fn, (104, 24), (314, 154))">test(Element: Label first name, index.php, id_f_label_fn, (104, 24), (314, 154))</a> <!-- method navigator-link -->
                      </span>
                      <br/>
                      <span>
                        <img width="3%" src="passed.png"/>
                        <a href="#" class="method navigator-link" panel-name="suite-Default_suite" title="core.ElementsValidationTestV" hash-for-method="test(Element: Phone_number, index.php, id_phone, (386, 42), (739, 264))">test(Element: Phone_number, index.php, id_phone, (386, 42), (739, 264))</a> <!-- method navigator-link -->
                      </span>
                      <br/>
                      <span>
                        <img width="3%" src="passed.png"/>
                        <a href="#" class="method navigator-link" panel-name="suite-Default_suite" title="core.ElementsValidationTestV" hash-for-method="test(Element: Button Submit, index.php, id_submit_button, (118, 37), (1006, 494))">test(Element: Button Submit, index.php, id_submit_button, (118, 37), (1006, 494))</a> <!-- method navigator-link -->
                      </span>
                      <br/>
                      <span>
                        <img width="3%" src="passed.png"/>
                        <a href="#" class="method navigator-link" panel-name="suite-Default_suite" title="core.ElementsValidationTestV" hash-for-method="test(Element: Label phone, index.php, id_f_label_pn, (143, 24), (739, 234))">test(Element: Label phone, index.php, id_f_label_pn, (143, 24), (739, 234))</a> <!-- method navigator-link -->
                      </span>
                      <br/>
                      <span>
                        <img width="3%" src="passed.png"/>
                        <a href="#" class="method navigator-link" panel-name="suite-Default_suite" title="core.ElementsValidationTestV" hash-for-method="test(Element: Copyright, index.php, copyright, (250, 24), (585, 551))">test(Element: Copyright, index.php, copyright, (250, 24), (585, 551))</a> <!-- method navigator-link -->
                      </span>
                      <br/>
                      <span>
                        <img width="3%" src="passed.png"/>
                        <a href="#" class="method navigator-link" panel-name="suite-Default_suite" title="core.ElementsValidationTestV" hash-for-method="test(Element: Email, index.php, id_email, (386, 42), (314, 264))">test(Element: Email, index.php, id_email, (386, 42), (314, 264))</a> <!-- method navigator-link -->
                      </span>
                      <br/>
                      <span>
                        <img width="3%" src="passed.png"/>
                        <a href="#" class="method navigator-link" panel-name="suite-Default_suite" title="core.ElementsValidationTestV" hash-for-method="test(Element: Today&#039;s date, index.php, timestamp, (290, 24), (295, 551))">test(Element: Today's date, index.php, timestamp, (290, 24), (295, 551))</a> <!-- method navigator-link -->
                      </span>
                      <br/>
                      <span>
                        <img width="3%" src="passed.png"/>
                        <a href="#" class="method navigator-link" panel-name="suite-Default_suite" title="core.ElementsValidationTestV" hash-for-method="test(Element: Button Back, confirmation.php, id_back_button, (120, 37), (746, 492))">test(Element: Button Back, confirmation.php, id_back_button, (120, 37), (746, 492))</a> <!-- method navigator-link -->
                      </span>
                      <br/>
                      <span>
                        <img width="3%" src="passed.png"/>
                        <a href="#" class="method navigator-link" panel-name="suite-Default_suite" title="core.ElementsValidationTestV" hash-for-method="test(Element: Os &amp; browser, index.php, os_browser, (310, 24), (835, 551))">test(Element: Os & browser, index.php, os_browser, (310, 24), (835, 551))</a> <!-- method navigator-link -->
                      </span>
                      <br/>
                      <span>
                        <img width="3%" src="passed.png"/>
                        <a href="#" class="method navigator-link" panel-name="suite-Default_suite" title="core.ElementsValidationTestV" hash-for-method="test(Element: Last name, index.php, id_lname, (386, 42), (739, 184))">test(Element: Last name, index.php, id_lname, (386, 42), (739, 184))</a> <!-- method navigator-link -->
                      </span>
                      <br/>
                      <span>
                        <img width="3%" src="passed.png"/>
                        <a href="#" class="method navigator-link" panel-name="suite-Default_suite" title="core.ElementsValidationTestV" hash-for-method="test(Element: Label State, index.php, id_f_label_s, (50, 24), (739, 317))">test(Element: Label State, index.php, id_f_label_s, (50, 24), (739, 317))</a> <!-- method navigator-link -->
                      </span>
                      <br/>
                      <span>
                        <img width="3%" src="passed.png"/>
                        <a href="#" class="method navigator-link" panel-name="suite-Default_suite" title="core.ElementsValidationTestV" hash-for-method="test(Element: First name, index.php, id_fname, (386, 42), (314, 184))">test(Element: First name, index.php, id_fname, (386, 42), (314, 184))</a> <!-- method navigator-link -->
                      </span>
                      <br/>
                    </div> <!-- method-list-content passed suite-Default_suite -->
                  </li>
                </ul>
              </div> <!-- suite-section-content -->
            </div> <!-- result-section -->
          </div> <!-- navigator-suite-content -->
        </div> <!-- rounded-window -->
      </div> <!-- suite -->
    </div> <!-- navigator-root -->
    <div class="wrapper">
      <div class="main-panel-root">
        <div panel-name="suite-Default_suite" class="panel Default_suite">
          <div class="suite-Default_suite-class-failed">
            <div class="main-panel-header rounded-window-top">
              <img src="failed.png"/>
              <span class="class-name">core.ElementsValidationTestV</span>
            </div> <!-- main-panel-header rounded-window-top -->
            <div class="main-panel-content rounded-window-bottom">
              <div class="method">
                <div class="method-content">
                  <a name="test(Element: Checkbox terms, index.php, id_checkbox, (26, 26), (314, 419))">
                  </a> <!-- test(Element: Checkbox terms, index.php, id_checkbox, (26, 26), (314, 419)) -->
                  <span class="method-name">test</span>
                  <span class="parameters">(Element: Checkbox terms, index.php, id_checkbox, (26, 26), (314, 419))</span>
                  <div class="stack-trace">java.lang.AssertionError: 
Expected: &lt;true&gt;
     but: was &lt;false&gt;
	at org.hamcrest.MatcherAssert.assertThat(MatcherAssert.java:20)
	at org.hamcrest.MatcherAssert.assertThat(MatcherAssert.java:8)
	at core.ElementsValidationTestV.test(ElementsValidationTestV.java:50)
	at sun.reflect.GeneratedMethodAccessor2.invoke(Unknown Source)
	at sun.reflect.DelegatingMethodAccessorImpl.invoke(DelegatingMethodAccessorImpl.java:43)
	at java.lang.reflect.Method.invoke(Method.java:498)
	at org.testng.internal.MethodInvocationHelper.invokeMethod(MethodInvocationHelper.java:108)
	at org.testng.internal.Invoker.invokeMethod(Invoker.java:661)
	at org.testng.internal.Invoker.invokeTestMethod(Invoker.java:869)
	at org.testng.internal.Invoker.invokeTestMethods(Invoker.java:1193)
	at org.testng.internal.TestMethodWorker.invokeTestMethods(TestMethodWorker.java:126)
	at org.testng.internal.TestMethodWorker.run(TestMethodWorker.java:109)
	at org.testng.TestRunner.privateRun(TestRunner.java:744)
	at org.testng.TestRunner.run(TestRunner.java:602)
	at org.testng.SuiteRunner.runTest(SuiteRunner.java:380)
	at org.testng.SuiteRunner.runSequentially(SuiteRunner.java:375)
	at org.testng.SuiteRunner.privateRun(SuiteRunner.java:340)
	at org.testng.SuiteRunner.run(SuiteRunner.java:289)
	at org.testng.SuiteRunnerWorker.runSuite(SuiteRunnerWorker.java:52)
	at org.testng.SuiteRunnerWorker.run(SuiteRunnerWorker.java:86)
	at org.testng.TestNG.runSuitesSequentially(TestNG.java:1301)
	at org.testng.TestNG.runSuitesLocally(TestNG.java:1226)
	at org.testng.TestNG.runSuites(TestNG.java:1144)
	at org.testng.TestNG.run(TestNG.java:1115)
	at org.testng.remote.AbstractRemoteTestNG.run(AbstractRemoteTestNG.java:132)
	at org.testng.remote.RemoteTestNG.initAndRun(RemoteTestNG.java:230)
	at org.testng.remote.RemoteTestNG.main(RemoteTestNG.java:76)

</div> <!-- stack-trace -->
                </div> <!-- method-content -->
              </div> <!-- method -->
              <div class="method">
                <div class="method-content">
                  <a name="test(Element: Label Terms? conf, confirmation.php, id_f_label_terms_conf, (70, 24), (321, 394))">
                  </a> <!-- test(Element: Label Terms? conf, confirmation.php, id_f_label_terms_conf, (70, 24), (321, 394)) -->
                  <span class="method-name">test</span>
                  <span class="parameters">(Element: Label Terms? conf, confirmation.php, id_f_label_terms_conf, (70, 24), (321, 394))</span>
                  <div class="stack-trace">java.lang.AssertionError: 
Expected: &lt;true&gt;
     but: was &lt;false&gt;
	at org.hamcrest.MatcherAssert.assertThat(MatcherAssert.java:20)
	at org.hamcrest.MatcherAssert.assertThat(MatcherAssert.java:8)
	at core.ElementsValidationTestV.test(ElementsValidationTestV.java:50)
	at sun.reflect.GeneratedMethodAccessor2.invoke(Unknown Source)
	at sun.reflect.DelegatingMethodAccessorImpl.invoke(DelegatingMethodAccessorImpl.java:43)
	at java.lang.reflect.Method.invoke(Method.java:498)
	at org.testng.internal.MethodInvocationHelper.invokeMethod(MethodInvocationHelper.java:108)
	at org.testng.internal.Invoker.invokeMethod(Invoker.java:661)
	at org.testng.internal.Invoker.invokeTestMethod(Invoker.java:869)
	at org.testng.internal.Invoker.invokeTestMethods(Invoker.java:1193)
	at org.testng.internal.TestMethodWorker.invokeTestMethods(TestMethodWorker.java:126)
	at org.testng.internal.TestMethodWorker.run(TestMethodWorker.java:109)
	at org.testng.TestRunner.privateRun(TestRunner.java:744)
	at org.testng.TestRunner.run(TestRunner.java:602)
	at org.testng.SuiteRunner.runTest(SuiteRunner.java:380)
	at org.testng.SuiteRunner.runSequentially(SuiteRunner.java:375)
	at org.testng.SuiteRunner.privateRun(SuiteRunner.java:340)
	at org.testng.SuiteRunner.run(SuiteRunner.java:289)
	at org.testng.SuiteRunnerWorker.runSuite(SuiteRunnerWorker.java:52)
	at org.testng.SuiteRunnerWorker.run(SuiteRunnerWorker.java:86)
	at org.testng.TestNG.runSuitesSequentially(TestNG.java:1301)
	at org.testng.TestNG.runSuitesLocally(TestNG.java:1226)
	at org.testng.TestNG.runSuites(TestNG.java:1144)
	at org.testng.TestNG.run(TestNG.java:1115)
	at org.testng.remote.AbstractRemoteTestNG.run(AbstractRemoteTestNG.java:132)
	at org.testng.remote.RemoteTestNG.initAndRun(RemoteTestNG.java:230)
	at org.testng.remote.RemoteTestNG.main(RemoteTestNG.java:76)

</div> <!-- stack-trace -->
                </div> <!-- method-content -->
              </div> <!-- method -->
              <div class="method">
                <div class="method-content">
                  <a name="test(Element: Radio button Female, index.php, id_g_radio_02, (26, 26), (505, 354))">
                  </a> <!-- test(Element: Radio button Female, index.php, id_g_radio_02, (26, 26), (505, 354)) -->
                  <span class="method-name">test</span>
                  <span class="parameters">(Element: Radio button Female, index.php, id_g_radio_02, (26, 26), (505, 354))</span>
                  <div class="stack-trace">java.lang.AssertionError: 
Expected: &lt;true&gt;
     but: was &lt;false&gt;
	at org.hamcrest.MatcherAssert.assertThat(MatcherAssert.java:20)
	at org.hamcrest.MatcherAssert.assertThat(MatcherAssert.java:8)
	at core.ElementsValidationTestV.test(ElementsValidationTestV.java:50)
	at sun.reflect.GeneratedMethodAccessor2.invoke(Unknown Source)
	at sun.reflect.DelegatingMethodAccessorImpl.invoke(DelegatingMethodAccessorImpl.java:43)
	at java.lang.reflect.Method.invoke(Method.java:498)
	at org.testng.internal.MethodInvocationHelper.invokeMethod(MethodInvocationHelper.java:108)
	at org.testng.internal.Invoker.invokeMethod(Invoker.java:661)
	at org.testng.internal.Invoker.invokeTestMethod(Invoker.java:869)
	at org.testng.internal.Invoker.invokeTestMethods(Invoker.java:1193)
	at org.testng.internal.TestMethodWorker.invokeTestMethods(TestMethodWorker.java:126)
	at org.testng.internal.TestMethodWorker.run(TestMethodWorker.java:109)
	at org.testng.TestRunner.privateRun(TestRunner.java:744)
	at org.testng.TestRunner.run(TestRunner.java:602)
	at org.testng.SuiteRunner.runTest(SuiteRunner.java:380)
	at org.testng.SuiteRunner.runSequentially(SuiteRunner.java:375)
	at org.testng.SuiteRunner.privateRun(SuiteRunner.java:340)
	at org.testng.SuiteRunner.run(SuiteRunner.java:289)
	at org.testng.SuiteRunnerWorker.runSuite(SuiteRunnerWorker.java:52)
	at org.testng.SuiteRunnerWorker.run(SuiteRunnerWorker.java:86)
	at org.testng.TestNG.runSuitesSequentially(TestNG.java:1301)
	at org.testng.TestNG.runSuitesLocally(TestNG.java:1226)
	at org.testng.TestNG.runSuites(TestNG.java:1144)
	at org.testng.TestNG.run(TestNG.java:1115)
	at org.testng.remote.AbstractRemoteTestNG.run(AbstractRemoteTestNG.java:132)
	at org.testng.remote.RemoteTestNG.initAndRun(RemoteTestNG.java:230)
	at org.testng.remote.RemoteTestNG.main(RemoteTestNG.java:76)

</div> <!-- stack-trace -->
                </div> <!-- method-content -->
              </div> <!-- method -->
              <div class="method">
                <div class="method-content">
                  <a name="test(Element: First name conf, confirmation.php, id_fname_conf, (10, 42), (321, 186))">
                  </a> <!-- test(Element: First name conf, confirmation.php, id_fname_conf, (10, 42), (321, 186)) -->
                  <span class="method-name">test</span>
                  <span class="parameters">(Element: First name conf, confirmation.php, id_fname_conf, (10, 42), (321, 186))</span>
                  <div class="stack-trace">java.lang.AssertionError: 
Expected: &lt;true&gt;
     but: was &lt;false&gt;
	at org.hamcrest.MatcherAssert.assertThat(MatcherAssert.java:20)
	at org.hamcrest.MatcherAssert.assertThat(MatcherAssert.java:8)
	at core.ElementsValidationTestV.test(ElementsValidationTestV.java:50)
	at sun.reflect.GeneratedMethodAccessor2.invoke(Unknown Source)
	at sun.reflect.DelegatingMethodAccessorImpl.invoke(DelegatingMethodAccessorImpl.java:43)
	at java.lang.reflect.Method.invoke(Method.java:498)
	at org.testng.internal.MethodInvocationHelper.invokeMethod(MethodInvocationHelper.java:108)
	at org.testng.internal.Invoker.invokeMethod(Invoker.java:661)
	at org.testng.internal.Invoker.invokeTestMethod(Invoker.java:869)
	at org.testng.internal.Invoker.invokeTestMethods(Invoker.java:1193)
	at org.testng.internal.TestMethodWorker.invokeTestMethods(TestMethodWorker.java:126)
	at org.testng.internal.TestMethodWorker.run(TestMethodWorker.java:109)
	at org.testng.TestRunner.privateRun(TestRunner.java:744)
	at org.testng.TestRunner.run(TestRunner.java:602)
	at org.testng.SuiteRunner.runTest(SuiteRunner.java:380)
	at org.testng.SuiteRunner.runSequentially(SuiteRunner.java:375)
	at org.testng.SuiteRunner.privateRun(SuiteRunner.java:340)
	at org.testng.SuiteRunner.run(SuiteRunner.java:289)
	at org.testng.SuiteRunnerWorker.runSuite(SuiteRunnerWorker.java:52)
	at org.testng.SuiteRunnerWorker.run(SuiteRunnerWorker.java:86)
	at org.testng.TestNG.runSuitesSequentially(TestNG.java:1301)
	at org.testng.TestNG.runSuitesLocally(TestNG.java:1226)
	at org.testng.TestNG.runSuites(TestNG.java:1144)
	at org.testng.TestNG.run(TestNG.java:1115)
	at org.testng.remote.AbstractRemoteTestNG.run(AbstractRemoteTestNG.java:132)
	at org.testng.remote.RemoteTestNG.initAndRun(RemoteTestNG.java:230)
	at org.testng.remote.RemoteTestNG.main(RemoteTestNG.java:76)

</div> <!-- stack-trace -->
                </div> <!-- method-content -->
              </div> <!-- method -->
              <div class="method">
                <div class="method-content">
                  <a name="test(Element: Label last name conf, confirmation.php, id_f_label_ln_conf, (103, 24), (746, 154))">
                  </a> <!-- test(Element: Label last name conf, confirmation.php, id_f_label_ln_conf, (103, 24), (746, 154)) -->
                  <span class="method-name">test</span>
                  <span class="parameters">(Element: Label last name conf, confirmation.php, id_f_label_ln_conf, (103, 24), (746, 154))</span>
                  <div class="stack-trace">java.lang.AssertionError: 
Expected: &lt;true&gt;
     but: was &lt;false&gt;
	at org.hamcrest.MatcherAssert.assertThat(MatcherAssert.java:20)
	at org.hamcrest.MatcherAssert.assertThat(MatcherAssert.java:8)
	at core.ElementsValidationTestV.test(ElementsValidationTestV.java:50)
	at sun.reflect.GeneratedMethodAccessor2.invoke(Unknown Source)
	at sun.reflect.DelegatingMethodAccessorImpl.invoke(DelegatingMethodAccessorImpl.java:43)
	at java.lang.reflect.Method.invoke(Method.java:498)
	at org.testng.internal.MethodInvocationHelper.invokeMethod(MethodInvocationHelper.java:108)
	at org.testng.internal.Invoker.invokeMethod(Invoker.java:661)
	at org.testng.internal.Invoker.invokeTestMethod(Invoker.java:869)
	at org.testng.internal.Invoker.invokeTestMethods(Invoker.java:1193)
	at org.testng.internal.TestMethodWorker.invokeTestMethods(TestMethodWorker.java:126)
	at org.testng.internal.TestMethodWorker.run(TestMethodWorker.java:109)
	at org.testng.TestRunner.privateRun(TestRunner.java:744)
	at org.testng.TestRunner.run(TestRunner.java:602)
	at org.testng.SuiteRunner.runTest(SuiteRunner.java:380)
	at org.testng.SuiteRunner.runSequentially(SuiteRunner.java:375)
	at org.testng.SuiteRunner.privateRun(SuiteRunner.java:340)
	at org.testng.SuiteRunner.run(SuiteRunner.java:289)
	at org.testng.SuiteRunnerWorker.runSuite(SuiteRunnerWorker.java:52)
	at org.testng.SuiteRunnerWorker.run(SuiteRunnerWorker.java:86)
	at org.testng.TestNG.runSuitesSequentially(TestNG.java:1301)
	at org.testng.TestNG.runSuitesLocally(TestNG.java:1226)
	at org.testng.TestNG.runSuites(TestNG.java:1144)
	at org.testng.TestNG.run(TestNG.java:1115)
	at org.testng.remote.AbstractRemoteTestNG.run(AbstractRemoteTestNG.java:132)
	at org.testng.remote.RemoteTestNG.initAndRun(RemoteTestNG.java:230)
	at org.testng.remote.RemoteTestNG.main(RemoteTestNG.java:76)

</div> <!-- stack-trace -->
                </div> <!-- method-content -->
              </div> <!-- method -->
              <div class="method">
                <div class="method-content">
                  <a name="test(Element: Label first name conf, confirmation.php, id_f_label_fn_conf, (104, 24), (321, 154))">
                  </a> <!-- test(Element: Label first name conf, confirmation.php, id_f_label_fn_conf, (104, 24), (321, 154)) -->
                  <span class="method-name">test</span>
                  <span class="parameters">(Element: Label first name conf, confirmation.php, id_f_label_fn_conf, (104, 24), (321, 154))</span>
                  <div class="stack-trace">java.lang.AssertionError: 
Expected: &lt;true&gt;
     but: was &lt;false&gt;
	at org.hamcrest.MatcherAssert.assertThat(MatcherAssert.java:20)
	at org.hamcrest.MatcherAssert.assertThat(MatcherAssert.java:8)
	at core.ElementsValidationTestV.test(ElementsValidationTestV.java:50)
	at sun.reflect.GeneratedMethodAccessor2.invoke(Unknown Source)
	at sun.reflect.DelegatingMethodAccessorImpl.invoke(DelegatingMethodAccessorImpl.java:43)
	at java.lang.reflect.Method.invoke(Method.java:498)
	at org.testng.internal.MethodInvocationHelper.invokeMethod(MethodInvocationHelper.java:108)
	at org.testng.internal.Invoker.invokeMethod(Invoker.java:661)
	at org.testng.internal.Invoker.invokeTestMethod(Invoker.java:869)
	at org.testng.internal.Invoker.invokeTestMethods(Invoker.java:1193)
	at org.testng.internal.TestMethodWorker.invokeTestMethods(TestMethodWorker.java:126)
	at org.testng.internal.TestMethodWorker.run(TestMethodWorker.java:109)
	at org.testng.TestRunner.privateRun(TestRunner.java:744)
	at org.testng.TestRunner.run(TestRunner.java:602)
	at org.testng.SuiteRunner.runTest(SuiteRunner.java:380)
	at org.testng.SuiteRunner.runSequentially(SuiteRunner.java:375)
	at org.testng.SuiteRunner.privateRun(SuiteRunner.java:340)
	at org.testng.SuiteRunner.run(SuiteRunner.java:289)
	at org.testng.SuiteRunnerWorker.runSuite(SuiteRunnerWorker.java:52)
	at org.testng.SuiteRunnerWorker.run(SuiteRunnerWorker.java:86)
	at org.testng.TestNG.runSuitesSequentially(TestNG.java:1301)
	at org.testng.TestNG.runSuitesLocally(TestNG.java:1226)
	at org.testng.TestNG.runSuites(TestNG.java:1144)
	at org.testng.TestNG.run(TestNG.java:1115)
	at org.testng.remote.AbstractRemoteTestNG.run(AbstractRemoteTestNG.java:132)
	at org.testng.remote.RemoteTestNG.initAndRun(RemoteTestNG.java:230)
	at org.testng.remote.RemoteTestNG.main(RemoteTestNG.java:76)

</div> <!-- stack-trace -->
                </div> <!-- method-content -->
              </div> <!-- method -->
              <div class="method">
                <div class="method-content">
                  <a name="test(Element: Label I agree, index.php, id_cb_label, (231, 30), (357, 414))">
                  </a> <!-- test(Element: Label I agree, index.php, id_cb_label, (231, 30), (357, 414)) -->
                  <span class="method-name">test</span>
                  <span class="parameters">(Element: Label I agree, index.php, id_cb_label, (231, 30), (357, 414))</span>
                  <div class="stack-trace">java.lang.AssertionError: 
Expected: &lt;true&gt;
     but: was &lt;false&gt;
	at org.hamcrest.MatcherAssert.assertThat(MatcherAssert.java:20)
	at org.hamcrest.MatcherAssert.assertThat(MatcherAssert.java:8)
	at core.ElementsValidationTestV.test(ElementsValidationTestV.java:50)
	at sun.reflect.GeneratedMethodAccessor2.invoke(Unknown Source)
	at sun.reflect.DelegatingMethodAccessorImpl.invoke(DelegatingMethodAccessorImpl.java:43)
	at java.lang.reflect.Method.invoke(Method.java:498)
	at org.testng.internal.MethodInvocationHelper.invokeMethod(MethodInvocationHelper.java:108)
	at org.testng.internal.Invoker.invokeMethod(Invoker.java:661)
	at org.testng.internal.Invoker.invokeTestMethod(Invoker.java:869)
	at org.testng.internal.Invoker.invokeTestMethods(Invoker.java:1193)
	at org.testng.internal.TestMethodWorker.invokeTestMethods(TestMethodWorker.java:126)
	at org.testng.internal.TestMethodWorker.run(TestMethodWorker.java:109)
	at org.testng.TestRunner.privateRun(TestRunner.java:744)
	at org.testng.TestRunner.run(TestRunner.java:602)
	at org.testng.SuiteRunner.runTest(SuiteRunner.java:380)
	at org.testng.SuiteRunner.runSequentially(SuiteRunner.java:375)
	at org.testng.SuiteRunner.privateRun(SuiteRunner.java:340)
	at org.testng.SuiteRunner.run(SuiteRunner.java:289)
	at org.testng.SuiteRunnerWorker.runSuite(SuiteRunnerWorker.java:52)
	at org.testng.SuiteRunnerWorker.run(SuiteRunnerWorker.java:86)
	at org.testng.TestNG.runSuitesSequentially(TestNG.java:1301)
	at org.testng.TestNG.runSuitesLocally(TestNG.java:1226)
	at org.testng.TestNG.runSuites(TestNG.java:1144)
	at org.testng.TestNG.run(TestNG.java:1115)
	at org.testng.remote.AbstractRemoteTestNG.run(AbstractRemoteTestNG.java:132)
	at org.testng.remote.RemoteTestNG.initAndRun(RemoteTestNG.java:230)
	at org.testng.remote.RemoteTestNG.main(RemoteTestNG.java:76)

</div> <!-- stack-trace -->
                </div> <!-- method-content -->
              </div> <!-- method -->
              <div class="method">
                <div class="method-content">
                  <a name="test">
                  </a> <!-- test -->
                  <span class="method-name">test</span>
                  <div class="stack-trace">org.testng.internal.reflect.MethodMatcherException: 
Data provider mismatch
Method: test([Parameter{index=0, type=java.lang.String, declaredAnnotations=[]}, Parameter{index=1, type=java.lang.String, declaredAnnotations=[]}, Parameter{index=2, type=java.lang.String, declaredAnnotations=[]}, Parameter{index=3, type=java.lang.String, declaredAnnotations=[]}, Parameter{index=4, type=java.lang.String, declaredAnnotations=[]}])
Arguments: [(java.lang.String)]
	at org.testng.internal.reflect.DataProviderMethodMatcher.getConformingArguments(DataProviderMethodMatcher.java:49)
	at org.testng.internal.Invoker.injectParameters(Invoker.java:1293)
	at org.testng.internal.Invoker.invokeTestMethods(Invoker.java:1187)
	at org.testng.internal.TestMethodWorker.invokeTestMethods(TestMethodWorker.java:126)
	at org.testng.internal.TestMethodWorker.run(TestMethodWorker.java:109)
	at org.testng.TestRunner.privateRun(TestRunner.java:744)
	at org.testng.TestRunner.run(TestRunner.java:602)
	at org.testng.SuiteRunner.runTest(SuiteRunner.java:380)
	at org.testng.SuiteRunner.runSequentially(SuiteRunner.java:375)
	at org.testng.SuiteRunner.privateRun(SuiteRunner.java:340)
	at org.testng.SuiteRunner.run(SuiteRunner.java:289)
	at org.testng.SuiteRunnerWorker.runSuite(SuiteRunnerWorker.java:52)
	at org.testng.SuiteRunnerWorker.run(SuiteRunnerWorker.java:86)
	at org.testng.TestNG.runSuitesSequentially(TestNG.java:1301)
	at org.testng.TestNG.runSuitesLocally(TestNG.java:1226)
	at org.testng.TestNG.runSuites(TestNG.java:1144)
	at org.testng.TestNG.run(TestNG.java:1115)
	at org.testng.remote.AbstractRemoteTestNG.run(AbstractRemoteTestNG.java:132)
	at org.testng.remote.RemoteTestNG.initAndRun(RemoteTestNG.java:230)
	at org.testng.remote.RemoteTestNG.main(RemoteTestNG.java:76)

</div> <!-- stack-trace -->
                </div> <!-- method-content -->
              </div> <!-- method -->
              <div class="method">
                <div class="method-content">
                  <a name="test(Element: Label radio male, index.php, id_r_label_m, (44, 23), (366, 355))">
                  </a> <!-- test(Element: Label radio male, index.php, id_r_label_m, (44, 23), (366, 355)) -->
                  <span class="method-name">test</span>
                  <span class="parameters">(Element: Label radio male, index.php, id_r_label_m, (44, 23), (366, 355))</span>
                  <div class="stack-trace">java.lang.AssertionError: 
Expected: &lt;true&gt;
     but: was &lt;false&gt;
	at org.hamcrest.MatcherAssert.assertThat(MatcherAssert.java:20)
	at org.hamcrest.MatcherAssert.assertThat(MatcherAssert.java:8)
	at core.ElementsValidationTestV.test(ElementsValidationTestV.java:50)
	at sun.reflect.NativeMethodAccessorImpl.invoke0(Native Method)
	at sun.reflect.NativeMethodAccessorImpl.invoke(NativeMethodAccessorImpl.java:62)
	at sun.reflect.DelegatingMethodAccessorImpl.invoke(DelegatingMethodAccessorImpl.java:43)
	at java.lang.reflect.Method.invoke(Method.java:498)
	at org.testng.internal.MethodInvocationHelper.invokeMethod(MethodInvocationHelper.java:108)
	at org.testng.internal.Invoker.invokeMethod(Invoker.java:661)
	at org.testng.internal.Invoker.invokeTestMethod(Invoker.java:869)
	at org.testng.internal.Invoker.invokeTestMethods(Invoker.java:1193)
	at org.testng.internal.TestMethodWorker.invokeTestMethods(TestMethodWorker.java:126)
	at org.testng.internal.TestMethodWorker.run(TestMethodWorker.java:109)
	at org.testng.TestRunner.privateRun(TestRunner.java:744)
	at org.testng.TestRunner.run(TestRunner.java:602)
	at org.testng.SuiteRunner.runTest(SuiteRunner.java:380)
	at org.testng.SuiteRunner.runSequentially(SuiteRunner.java:375)
	at org.testng.SuiteRunner.privateRun(SuiteRunner.java:340)
	at org.testng.SuiteRunner.run(SuiteRunner.java:289)
	at org.testng.SuiteRunnerWorker.runSuite(SuiteRunnerWorker.java:52)
	at org.testng.SuiteRunnerWorker.run(SuiteRunnerWorker.java:86)
	at org.testng.TestNG.runSuitesSequentially(TestNG.java:1301)
	at org.testng.TestNG.runSuitesLocally(TestNG.java:1226)
	at org.testng.TestNG.runSuites(TestNG.java:1144)
	at org.testng.TestNG.run(TestNG.java:1115)
	at org.testng.remote.AbstractRemoteTestNG.run(AbstractRemoteTestNG.java:132)
	at org.testng.remote.RemoteTestNG.initAndRun(RemoteTestNG.java:230)
	at org.testng.remote.RemoteTestNG.main(RemoteTestNG.java:76)

</div> <!-- stack-trace -->
                </div> <!-- method-content -->
              </div> <!-- method -->
              <div class="method">
                <div class="method-content">
                  <a name="test(Element: State conf, confirmation.php, id_state_conf, (10, 42), (746, 346))">
                  </a> <!-- test(Element: State conf, confirmation.php, id_state_conf, (10, 42), (746, 346)) -->
                  <span class="method-name">test</span>
                  <span class="parameters">(Element: State conf, confirmation.php, id_state_conf, (10, 42), (746, 346))</span>
                  <div class="stack-trace">java.lang.AssertionError: 
Expected: &lt;true&gt;
     but: was &lt;false&gt;
	at org.hamcrest.MatcherAssert.assertThat(MatcherAssert.java:20)
	at org.hamcrest.MatcherAssert.assertThat(MatcherAssert.java:8)
	at core.ElementsValidationTestV.test(ElementsValidationTestV.java:50)
	at sun.reflect.GeneratedMethodAccessor2.invoke(Unknown Source)
	at sun.reflect.DelegatingMethodAccessorImpl.invoke(DelegatingMethodAccessorImpl.java:43)
	at java.lang.reflect.Method.invoke(Method.java:498)
	at org.testng.internal.MethodInvocationHelper.invokeMethod(MethodInvocationHelper.java:108)
	at org.testng.internal.Invoker.invokeMethod(Invoker.java:661)
	at org.testng.internal.Invoker.invokeTestMethod(Invoker.java:869)
	at org.testng.internal.Invoker.invokeTestMethods(Invoker.java:1193)
	at org.testng.internal.TestMethodWorker.invokeTestMethods(TestMethodWorker.java:126)
	at org.testng.internal.TestMethodWorker.run(TestMethodWorker.java:109)
	at org.testng.TestRunner.privateRun(TestRunner.java:744)
	at org.testng.TestRunner.run(TestRunner.java:602)
	at org.testng.SuiteRunner.runTest(SuiteRunner.java:380)
	at org.testng.SuiteRunner.runSequentially(SuiteRunner.java:375)
	at org.testng.SuiteRunner.privateRun(SuiteRunner.java:340)
	at org.testng.SuiteRunner.run(SuiteRunner.java:289)
	at org.testng.SuiteRunnerWorker.runSuite(SuiteRunnerWorker.java:52)
	at org.testng.SuiteRunnerWorker.run(SuiteRunnerWorker.java:86)
	at org.testng.TestNG.runSuitesSequentially(TestNG.java:1301)
	at org.testng.TestNG.runSuitesLocally(TestNG.java:1226)
	at org.testng.TestNG.runSuites(TestNG.java:1144)
	at org.testng.TestNG.run(TestNG.java:1115)
	at org.testng.remote.AbstractRemoteTestNG.run(AbstractRemoteTestNG.java:132)
	at org.testng.remote.RemoteTestNG.initAndRun(RemoteTestNG.java:230)
	at org.testng.remote.RemoteTestNG.main(RemoteTestNG.java:76)

</div> <!-- stack-trace -->
                </div> <!-- method-content -->
              </div> <!-- method -->
              <div class="method">
                <div class="method-content">
                  <a name="test(Element: Email conf, confirmation.php, id_email_conf, (10, 42), (321, 266))">
                  </a> <!-- test(Element: Email conf, confirmation.php, id_email_conf, (10, 42), (321, 266)) -->
                  <span class="method-name">test</span>
                  <span class="parameters">(Element: Email conf, confirmation.php, id_email_conf, (10, 42), (321, 266))</span>
                  <div class="stack-trace">java.lang.AssertionError: 
Expected: &lt;true&gt;
     but: was &lt;false&gt;
	at org.hamcrest.MatcherAssert.assertThat(MatcherAssert.java:20)
	at org.hamcrest.MatcherAssert.assertThat(MatcherAssert.java:8)
	at core.ElementsValidationTestV.test(ElementsValidationTestV.java:50)
	at sun.reflect.GeneratedMethodAccessor2.invoke(Unknown Source)
	at sun.reflect.DelegatingMethodAccessorImpl.invoke(DelegatingMethodAccessorImpl.java:43)
	at java.lang.reflect.Method.invoke(Method.java:498)
	at org.testng.internal.MethodInvocationHelper.invokeMethod(MethodInvocationHelper.java:108)
	at org.testng.internal.Invoker.invokeMethod(Invoker.java:661)
	at org.testng.internal.Invoker.invokeTestMethod(Invoker.java:869)
	at org.testng.internal.Invoker.invokeTestMethods(Invoker.java:1193)
	at org.testng.internal.TestMethodWorker.invokeTestMethods(TestMethodWorker.java:126)
	at org.testng.internal.TestMethodWorker.run(TestMethodWorker.java:109)
	at org.testng.TestRunner.privateRun(TestRunner.java:744)
	at org.testng.TestRunner.run(TestRunner.java:602)
	at org.testng.SuiteRunner.runTest(SuiteRunner.java:380)
	at org.testng.SuiteRunner.runSequentially(SuiteRunner.java:375)
	at org.testng.SuiteRunner.privateRun(SuiteRunner.java:340)
	at org.testng.SuiteRunner.run(SuiteRunner.java:289)
	at org.testng.SuiteRunnerWorker.runSuite(SuiteRunnerWorker.java:52)
	at org.testng.SuiteRunnerWorker.run(SuiteRunnerWorker.java:86)
	at org.testng.TestNG.runSuitesSequentially(TestNG.java:1301)
	at org.testng.TestNG.runSuitesLocally(TestNG.java:1226)
	at org.testng.TestNG.runSuites(TestNG.java:1144)
	at org.testng.TestNG.run(TestNG.java:1115)
	at org.testng.remote.AbstractRemoteTestNG.run(AbstractRemoteTestNG.java:132)
	at org.testng.remote.RemoteTestNG.initAndRun(RemoteTestNG.java:230)
	at org.testng.remote.RemoteTestNG.main(RemoteTestNG.java:76)

</div> <!-- stack-trace -->
                </div> <!-- method-content -->
              </div> <!-- method -->
              <div class="method">
                <div class="method-content">
                  <a name="test(Element: Gender conf, confirmation.php, id_gender_conf, (10, 42), (321, 346))">
                  </a> <!-- test(Element: Gender conf, confirmation.php, id_gender_conf, (10, 42), (321, 346)) -->
                  <span class="method-name">test</span>
                  <span class="parameters">(Element: Gender conf, confirmation.php, id_gender_conf, (10, 42), (321, 346))</span>
                  <div class="stack-trace">java.lang.AssertionError: 
Expected: &lt;true&gt;
     but: was &lt;false&gt;
	at org.hamcrest.MatcherAssert.assertThat(MatcherAssert.java:20)
	at org.hamcrest.MatcherAssert.assertThat(MatcherAssert.java:8)
	at core.ElementsValidationTestV.test(ElementsValidationTestV.java:50)
	at sun.reflect.GeneratedMethodAccessor2.invoke(Unknown Source)
	at sun.reflect.DelegatingMethodAccessorImpl.invoke(DelegatingMethodAccessorImpl.java:43)
	at java.lang.reflect.Method.invoke(Method.java:498)
	at org.testng.internal.MethodInvocationHelper.invokeMethod(MethodInvocationHelper.java:108)
	at org.testng.internal.Invoker.invokeMethod(Invoker.java:661)
	at org.testng.internal.Invoker.invokeTestMethod(Invoker.java:869)
	at org.testng.internal.Invoker.invokeTestMethods(Invoker.java:1193)
	at org.testng.internal.TestMethodWorker.invokeTestMethods(TestMethodWorker.java:126)
	at org.testng.internal.TestMethodWorker.run(TestMethodWorker.java:109)
	at org.testng.TestRunner.privateRun(TestRunner.java:744)
	at org.testng.TestRunner.run(TestRunner.java:602)
	at org.testng.SuiteRunner.runTest(SuiteRunner.java:380)
	at org.testng.SuiteRunner.runSequentially(SuiteRunner.java:375)
	at org.testng.SuiteRunner.privateRun(SuiteRunner.java:340)
	at org.testng.SuiteRunner.run(SuiteRunner.java:289)
	at org.testng.SuiteRunnerWorker.runSuite(SuiteRunnerWorker.java:52)
	at org.testng.SuiteRunnerWorker.run(SuiteRunnerWorker.java:86)
	at org.testng.TestNG.runSuitesSequentially(TestNG.java:1301)
	at org.testng.TestNG.runSuitesLocally(TestNG.java:1226)
	at org.testng.TestNG.runSuites(TestNG.java:1144)
	at org.testng.TestNG.run(TestNG.java:1115)
	at org.testng.remote.AbstractRemoteTestNG.run(AbstractRemoteTestNG.java:132)
	at org.testng.remote.RemoteTestNG.initAndRun(RemoteTestNG.java:230)
	at org.testng.remote.RemoteTestNG.main(RemoteTestNG.java:76)

</div> <!-- stack-trace -->
                </div> <!-- method-content -->
              </div> <!-- method -->
              <div class="method">
                <div class="method-content">
                  <a name="test(Element: Label phone conf, confirmation.php, id_f_label_phone_conf, (143, 24), (746, 234))">
                  </a> <!-- test(Element: Label phone conf, confirmation.php, id_f_label_phone_conf, (143, 24), (746, 234)) -->
                  <span class="method-name">test</span>
                  <span class="parameters">(Element: Label phone conf, confirmation.php, id_f_label_phone_conf, (143, 24), (746, 234))</span>
                  <div class="stack-trace">java.lang.AssertionError: 
Expected: &lt;true&gt;
     but: was &lt;false&gt;
	at org.hamcrest.MatcherAssert.assertThat(MatcherAssert.java:20)
	at org.hamcrest.MatcherAssert.assertThat(MatcherAssert.java:8)
	at core.ElementsValidationTestV.test(ElementsValidationTestV.java:50)
	at sun.reflect.GeneratedMethodAccessor2.invoke(Unknown Source)
	at sun.reflect.DelegatingMethodAccessorImpl.invoke(DelegatingMethodAccessorImpl.java:43)
	at java.lang.reflect.Method.invoke(Method.java:498)
	at org.testng.internal.MethodInvocationHelper.invokeMethod(MethodInvocationHelper.java:108)
	at org.testng.internal.Invoker.invokeMethod(Invoker.java:661)
	at org.testng.internal.Invoker.invokeTestMethod(Invoker.java:869)
	at org.testng.internal.Invoker.invokeTestMethods(Invoker.java:1193)
	at org.testng.internal.TestMethodWorker.invokeTestMethods(TestMethodWorker.java:126)
	at org.testng.internal.TestMethodWorker.run(TestMethodWorker.java:109)
	at org.testng.TestRunner.privateRun(TestRunner.java:744)
	at org.testng.TestRunner.run(TestRunner.java:602)
	at org.testng.SuiteRunner.runTest(SuiteRunner.java:380)
	at org.testng.SuiteRunner.runSequentially(SuiteRunner.java:375)
	at org.testng.SuiteRunner.privateRun(SuiteRunner.java:340)
	at org.testng.SuiteRunner.run(SuiteRunner.java:289)
	at org.testng.SuiteRunnerWorker.runSuite(SuiteRunnerWorker.java:52)
	at org.testng.SuiteRunnerWorker.run(SuiteRunnerWorker.java:86)
	at org.testng.TestNG.runSuitesSequentially(TestNG.java:1301)
	at org.testng.TestNG.runSuitesLocally(TestNG.java:1226)
	at org.testng.TestNG.runSuites(TestNG.java:1144)
	at org.testng.TestNG.run(TestNG.java:1115)
	at org.testng.remote.AbstractRemoteTestNG.run(AbstractRemoteTestNG.java:132)
	at org.testng.remote.RemoteTestNG.initAndRun(RemoteTestNG.java:230)
	at org.testng.remote.RemoteTestNG.main(RemoteTestNG.java:76)

</div> <!-- stack-trace -->
                </div> <!-- method-content -->
              </div> <!-- method -->
              <div class="method">
                <div class="method-content">
                  <a name="test(Element: Label state conf, confirmation.php, id_f_label_state_conf, (50, 24), (746, 314))">
                  </a> <!-- test(Element: Label state conf, confirmation.php, id_f_label_state_conf, (50, 24), (746, 314)) -->
                  <span class="method-name">test</span>
                  <span class="parameters">(Element: Label state conf, confirmation.php, id_f_label_state_conf, (50, 24), (746, 314))</span>
                  <div class="stack-trace">java.lang.AssertionError: 
Expected: &lt;true&gt;
     but: was &lt;false&gt;
	at org.hamcrest.MatcherAssert.assertThat(MatcherAssert.java:20)
	at org.hamcrest.MatcherAssert.assertThat(MatcherAssert.java:8)
	at core.ElementsValidationTestV.test(ElementsValidationTestV.java:50)
	at sun.reflect.GeneratedMethodAccessor2.invoke(Unknown Source)
	at sun.reflect.DelegatingMethodAccessorImpl.invoke(DelegatingMethodAccessorImpl.java:43)
	at java.lang.reflect.Method.invoke(Method.java:498)
	at org.testng.internal.MethodInvocationHelper.invokeMethod(MethodInvocationHelper.java:108)
	at org.testng.internal.Invoker.invokeMethod(Invoker.java:661)
	at org.testng.internal.Invoker.invokeTestMethod(Invoker.java:869)
	at org.testng.internal.Invoker.invokeTestMethods(Invoker.java:1193)
	at org.testng.internal.TestMethodWorker.invokeTestMethods(TestMethodWorker.java:126)
	at org.testng.internal.TestMethodWorker.run(TestMethodWorker.java:109)
	at org.testng.TestRunner.privateRun(TestRunner.java:744)
	at org.testng.TestRunner.run(TestRunner.java:602)
	at org.testng.SuiteRunner.runTest(SuiteRunner.java:380)
	at org.testng.SuiteRunner.runSequentially(SuiteRunner.java:375)
	at org.testng.SuiteRunner.privateRun(SuiteRunner.java:340)
	at org.testng.SuiteRunner.run(SuiteRunner.java:289)
	at org.testng.SuiteRunnerWorker.runSuite(SuiteRunnerWorker.java:52)
	at org.testng.SuiteRunnerWorker.run(SuiteRunnerWorker.java:86)
	at org.testng.TestNG.runSuitesSequentially(TestNG.java:1301)
	at org.testng.TestNG.runSuitesLocally(TestNG.java:1226)
	at org.testng.TestNG.runSuites(TestNG.java:1144)
	at org.testng.TestNG.run(TestNG.java:1115)
	at org.testng.remote.AbstractRemoteTestNG.run(AbstractRemoteTestNG.java:132)
	at org.testng.remote.RemoteTestNG.initAndRun(RemoteTestNG.java:230)
	at org.testng.remote.RemoteTestNG.main(RemoteTestNG.java:76)

</div> <!-- stack-trace -->
                </div> <!-- method-content -->
              </div> <!-- method -->
              <div class="method">
                <div class="method-content">
                  <a name="test(Element: Label email conf, confirmation.php, id_f_label_email_conf, (138, 24), (321, 234))">
                  </a> <!-- test(Element: Label email conf, confirmation.php, id_f_label_email_conf, (138, 24), (321, 234)) -->
                  <span class="method-name">test</span>
                  <span class="parameters">(Element: Label email conf, confirmation.php, id_f_label_email_conf, (138, 24), (321, 234))</span>
                  <div class="stack-trace">java.lang.AssertionError: 
Expected: &lt;true&gt;
     but: was &lt;false&gt;
	at org.hamcrest.MatcherAssert.assertThat(MatcherAssert.java:20)
	at org.hamcrest.MatcherAssert.assertThat(MatcherAssert.java:8)
	at core.ElementsValidationTestV.test(ElementsValidationTestV.java:50)
	at sun.reflect.GeneratedMethodAccessor2.invoke(Unknown Source)
	at sun.reflect.DelegatingMethodAccessorImpl.invoke(DelegatingMethodAccessorImpl.java:43)
	at java.lang.reflect.Method.invoke(Method.java:498)
	at org.testng.internal.MethodInvocationHelper.invokeMethod(MethodInvocationHelper.java:108)
	at org.testng.internal.Invoker.invokeMethod(Invoker.java:661)
	at org.testng.internal.Invoker.invokeTestMethod(Invoker.java:869)
	at org.testng.internal.Invoker.invokeTestMethods(Invoker.java:1193)
	at org.testng.internal.TestMethodWorker.invokeTestMethods(TestMethodWorker.java:126)
	at org.testng.internal.TestMethodWorker.run(TestMethodWorker.java:109)
	at org.testng.TestRunner.privateRun(TestRunner.java:744)
	at org.testng.TestRunner.run(TestRunner.java:602)
	at org.testng.SuiteRunner.runTest(SuiteRunner.java:380)
	at org.testng.SuiteRunner.runSequentially(SuiteRunner.java:375)
	at org.testng.SuiteRunner.privateRun(SuiteRunner.java:340)
	at org.testng.SuiteRunner.run(SuiteRunner.java:289)
	at org.testng.SuiteRunnerWorker.runSuite(SuiteRunnerWorker.java:52)
	at org.testng.SuiteRunnerWorker.run(SuiteRunnerWorker.java:86)
	at org.testng.TestNG.runSuitesSequentially(TestNG.java:1301)
	at org.testng.TestNG.runSuitesLocally(TestNG.java:1226)
	at org.testng.TestNG.runSuites(TestNG.java:1144)
	at org.testng.TestNG.run(TestNG.java:1115)
	at org.testng.remote.AbstractRemoteTestNG.run(AbstractRemoteTestNG.java:132)
	at org.testng.remote.RemoteTestNG.initAndRun(RemoteTestNG.java:230)
	at org.testng.remote.RemoteTestNG.main(RemoteTestNG.java:76)

</div> <!-- stack-trace -->
                </div> <!-- method-content -->
              </div> <!-- method -->
              <div class="method">
                <div class="method-content">
                  <a name="test(Element: Last name conf, confirmation.php, id_lname_conf, (10, 42), (746, 186))">
                  </a> <!-- test(Element: Last name conf, confirmation.php, id_lname_conf, (10, 42), (746, 186)) -->
                  <span class="method-name">test</span>
                  <span class="parameters">(Element: Last name conf, confirmation.php, id_lname_conf, (10, 42), (746, 186))</span>
                  <div class="stack-trace">java.lang.AssertionError: 
Expected: &lt;true&gt;
     but: was &lt;false&gt;
	at org.hamcrest.MatcherAssert.assertThat(MatcherAssert.java:20)
	at org.hamcrest.MatcherAssert.assertThat(MatcherAssert.java:8)
	at core.ElementsValidationTestV.test(ElementsValidationTestV.java:50)
	at sun.reflect.GeneratedMethodAccessor2.invoke(Unknown Source)
	at sun.reflect.DelegatingMethodAccessorImpl.invoke(DelegatingMethodAccessorImpl.java:43)
	at java.lang.reflect.Method.invoke(Method.java:498)
	at org.testng.internal.MethodInvocationHelper.invokeMethod(MethodInvocationHelper.java:108)
	at org.testng.internal.Invoker.invokeMethod(Invoker.java:661)
	at org.testng.internal.Invoker.invokeTestMethod(Invoker.java:869)
	at org.testng.internal.Invoker.invokeTestMethods(Invoker.java:1193)
	at org.testng.internal.TestMethodWorker.invokeTestMethods(TestMethodWorker.java:126)
	at org.testng.internal.TestMethodWorker.run(TestMethodWorker.java:109)
	at org.testng.TestRunner.privateRun(TestRunner.java:744)
	at org.testng.TestRunner.run(TestRunner.java:602)
	at org.testng.SuiteRunner.runTest(SuiteRunner.java:380)
	at org.testng.SuiteRunner.runSequentially(SuiteRunner.java:375)
	at org.testng.SuiteRunner.privateRun(SuiteRunner.java:340)
	at org.testng.SuiteRunner.run(SuiteRunner.java:289)
	at org.testng.SuiteRunnerWorker.runSuite(SuiteRunnerWorker.java:52)
	at org.testng.SuiteRunnerWorker.run(SuiteRunnerWorker.java:86)
	at org.testng.TestNG.runSuitesSequentially(TestNG.java:1301)
	at org.testng.TestNG.runSuitesLocally(TestNG.java:1226)
	at org.testng.TestNG.runSuites(TestNG.java:1144)
	at org.testng.TestNG.run(TestNG.java:1115)
	at org.testng.remote.AbstractRemoteTestNG.run(AbstractRemoteTestNG.java:132)
	at org.testng.remote.RemoteTestNG.initAndRun(RemoteTestNG.java:230)
	at org.testng.remote.RemoteTestNG.main(RemoteTestNG.java:76)

</div> <!-- stack-trace -->
                </div> <!-- method-content -->
              </div> <!-- method -->
              <div class="method">
                <div class="method-content">
                  <a name="test(Element: Terms conf, confirmation.php, id_terms_conf, (10, 42), (321, 426))">
                  </a> <!-- test(Element: Terms conf, confirmation.php, id_terms_conf, (10, 42), (321, 426)) -->
                  <span class="method-name">test</span>
                  <span class="parameters">(Element: Terms conf, confirmation.php, id_terms_conf, (10, 42), (321, 426))</span>
                  <div class="stack-trace">java.lang.AssertionError: 
Expected: &lt;true&gt;
     but: was &lt;false&gt;
	at org.hamcrest.MatcherAssert.assertThat(MatcherAssert.java:20)
	at org.hamcrest.MatcherAssert.assertThat(MatcherAssert.java:8)
	at core.ElementsValidationTestV.test(ElementsValidationTestV.java:50)
	at sun.reflect.GeneratedMethodAccessor2.invoke(Unknown Source)
	at sun.reflect.DelegatingMethodAccessorImpl.invoke(DelegatingMethodAccessorImpl.java:43)
	at java.lang.reflect.Method.invoke(Method.java:498)
	at org.testng.internal.MethodInvocationHelper.invokeMethod(MethodInvocationHelper.java:108)
	at org.testng.internal.Invoker.invokeMethod(Invoker.java:661)
	at org.testng.internal.Invoker.invokeTestMethod(Invoker.java:869)
	at org.testng.internal.Invoker.invokeTestMethods(Invoker.java:1193)
	at org.testng.internal.TestMethodWorker.invokeTestMethods(TestMethodWorker.java:126)
	at org.testng.internal.TestMethodWorker.run(TestMethodWorker.java:109)
	at org.testng.TestRunner.privateRun(TestRunner.java:744)
	at org.testng.TestRunner.run(TestRunner.java:602)
	at org.testng.SuiteRunner.runTest(SuiteRunner.java:380)
	at org.testng.SuiteRunner.runSequentially(SuiteRunner.java:375)
	at org.testng.SuiteRunner.privateRun(SuiteRunner.java:340)
	at org.testng.SuiteRunner.run(SuiteRunner.java:289)
	at org.testng.SuiteRunnerWorker.runSuite(SuiteRunnerWorker.java:52)
	at org.testng.SuiteRunnerWorker.run(SuiteRunnerWorker.java:86)
	at org.testng.TestNG.runSuitesSequentially(TestNG.java:1301)
	at org.testng.TestNG.runSuitesLocally(TestNG.java:1226)
	at org.testng.TestNG.runSuites(TestNG.java:1144)
	at org.testng.TestNG.run(TestNG.java:1115)
	at org.testng.remote.AbstractRemoteTestNG.run(AbstractRemoteTestNG.java:132)
	at org.testng.remote.RemoteTestNG.initAndRun(RemoteTestNG.java:230)
	at org.testng.remote.RemoteTestNG.main(RemoteTestNG.java:76)

</div> <!-- stack-trace -->
                </div> <!-- method-content -->
              </div> <!-- method -->
              <div class="method">
                <div class="method-content">
                  <a name="test(Element: Label gender conf, confirmation.php, id_f_label_gender_conf, (71, 24), (321, 314))">
                  </a> <!-- test(Element: Label gender conf, confirmation.php, id_f_label_gender_conf, (71, 24), (321, 314)) -->
                  <span class="method-name">test</span>
                  <span class="parameters">(Element: Label gender conf, confirmation.php, id_f_label_gender_conf, (71, 24), (321, 314))</span>
                  <div class="stack-trace">java.lang.AssertionError: 
Expected: &lt;true&gt;
     but: was &lt;false&gt;
	at org.hamcrest.MatcherAssert.assertThat(MatcherAssert.java:20)
	at org.hamcrest.MatcherAssert.assertThat(MatcherAssert.java:8)
	at core.ElementsValidationTestV.test(ElementsValidationTestV.java:50)
	at sun.reflect.GeneratedMethodAccessor2.invoke(Unknown Source)
	at sun.reflect.DelegatingMethodAccessorImpl.invoke(DelegatingMethodAccessorImpl.java:43)
	at java.lang.reflect.Method.invoke(Method.java:498)
	at org.testng.internal.MethodInvocationHelper.invokeMethod(MethodInvocationHelper.java:108)
	at org.testng.internal.Invoker.invokeMethod(Invoker.java:661)
	at org.testng.internal.Invoker.invokeTestMethod(Invoker.java:869)
	at org.testng.internal.Invoker.invokeTestMethods(Invoker.java:1193)
	at org.testng.internal.TestMethodWorker.invokeTestMethods(TestMethodWorker.java:126)
	at org.testng.internal.TestMethodWorker.run(TestMethodWorker.java:109)
	at org.testng.TestRunner.privateRun(TestRunner.java:744)
	at org.testng.TestRunner.run(TestRunner.java:602)
	at org.testng.SuiteRunner.runTest(SuiteRunner.java:380)
	at org.testng.SuiteRunner.runSequentially(SuiteRunner.java:375)
	at org.testng.SuiteRunner.privateRun(SuiteRunner.java:340)
	at org.testng.SuiteRunner.run(SuiteRunner.java:289)
	at org.testng.SuiteRunnerWorker.runSuite(SuiteRunnerWorker.java:52)
	at org.testng.SuiteRunnerWorker.run(SuiteRunnerWorker.java:86)
	at org.testng.TestNG.runSuitesSequentially(TestNG.java:1301)
	at org.testng.TestNG.runSuitesLocally(TestNG.java:1226)
	at org.testng.TestNG.runSuites(TestNG.java:1144)
	at org.testng.TestNG.run(TestNG.java:1115)
	at org.testng.remote.AbstractRemoteTestNG.run(AbstractRemoteTestNG.java:132)
	at org.testng.remote.RemoteTestNG.initAndRun(RemoteTestNG.java:230)
	at org.testng.remote.RemoteTestNG.main(RemoteTestNG.java:76)

</div> <!-- stack-trace -->
                </div> <!-- method-content -->
              </div> <!-- method -->
              <div class="method">
                <div class="method-content">
                  <a name="test(Element: Phone_number conf, confirmation.php, id_phone_conf, (10, 42), (746, 266))">
                  </a> <!-- test(Element: Phone_number conf, confirmation.php, id_phone_conf, (10, 42), (746, 266)) -->
                  <span class="method-name">test</span>
                  <span class="parameters">(Element: Phone_number conf, confirmation.php, id_phone_conf, (10, 42), (746, 266))</span>
                  <div class="stack-trace">java.lang.AssertionError: 
Expected: &lt;true&gt;
     but: was &lt;false&gt;
	at org.hamcrest.MatcherAssert.assertThat(MatcherAssert.java:20)
	at org.hamcrest.MatcherAssert.assertThat(MatcherAssert.java:8)
	at core.ElementsValidationTestV.test(ElementsValidationTestV.java:50)
	at sun.reflect.GeneratedMethodAccessor2.invoke(Unknown Source)
	at sun.reflect.DelegatingMethodAccessorImpl.invoke(DelegatingMethodAccessorImpl.java:43)
	at java.lang.reflect.Method.invoke(Method.java:498)
	at org.testng.internal.MethodInvocationHelper.invokeMethod(MethodInvocationHelper.java:108)
	at org.testng.internal.Invoker.invokeMethod(Invoker.java:661)
	at org.testng.internal.Invoker.invokeTestMethod(Invoker.java:869)
	at org.testng.internal.Invoker.invokeTestMethods(Invoker.java:1193)
	at org.testng.internal.TestMethodWorker.invokeTestMethods(TestMethodWorker.java:126)
	at org.testng.internal.TestMethodWorker.run(TestMethodWorker.java:109)
	at org.testng.TestRunner.privateRun(TestRunner.java:744)
	at org.testng.TestRunner.run(TestRunner.java:602)
	at org.testng.SuiteRunner.runTest(SuiteRunner.java:380)
	at org.testng.SuiteRunner.runSequentially(SuiteRunner.java:375)
	at org.testng.SuiteRunner.privateRun(SuiteRunner.java:340)
	at org.testng.SuiteRunner.run(SuiteRunner.java:289)
	at org.testng.SuiteRunnerWorker.runSuite(SuiteRunnerWorker.java:52)
	at org.testng.SuiteRunnerWorker.run(SuiteRunnerWorker.java:86)
	at org.testng.TestNG.runSuitesSequentially(TestNG.java:1301)
	at org.testng.TestNG.runSuitesLocally(TestNG.java:1226)
	at org.testng.TestNG.runSuites(TestNG.java:1144)
	at org.testng.TestNG.run(TestNG.java:1115)
	at org.testng.remote.AbstractRemoteTestNG.run(AbstractRemoteTestNG.java:132)
	at org.testng.remote.RemoteTestNG.initAndRun(RemoteTestNG.java:230)
	at org.testng.remote.RemoteTestNG.main(RemoteTestNG.java:76)

</div> <!-- stack-trace -->
                </div> <!-- method-content -->
              </div> <!-- method -->
              <div class="method">
                <div class="method-content">
                  <a name="test(Element: Label radio female, index.php, id_r_label_f, (66, 23), (545, 355))">
                  </a> <!-- test(Element: Label radio female, index.php, id_r_label_f, (66, 23), (545, 355)) -->
                  <span class="method-name">test</span>
                  <span class="parameters">(Element: Label radio female, index.php, id_r_label_f, (66, 23), (545, 355))</span>
                  <div class="stack-trace">java.lang.AssertionError: 
Expected: &lt;true&gt;
     but: was &lt;false&gt;
	at org.hamcrest.MatcherAssert.assertThat(MatcherAssert.java:20)
	at org.hamcrest.MatcherAssert.assertThat(MatcherAssert.java:8)
	at core.ElementsValidationTestV.test(ElementsValidationTestV.java:50)
	at sun.reflect.NativeMethodAccessorImpl.invoke0(Native Method)
	at sun.reflect.NativeMethodAccessorImpl.invoke(NativeMethodAccessorImpl.java:62)
	at sun.reflect.DelegatingMethodAccessorImpl.invoke(DelegatingMethodAccessorImpl.java:43)
	at java.lang.reflect.Method.invoke(Method.java:498)
	at org.testng.internal.MethodInvocationHelper.invokeMethod(MethodInvocationHelper.java:108)
	at org.testng.internal.Invoker.invokeMethod(Invoker.java:661)
	at org.testng.internal.Invoker.invokeTestMethod(Invoker.java:869)
	at org.testng.internal.Invoker.invokeTestMethods(Invoker.java:1193)
	at org.testng.internal.TestMethodWorker.invokeTestMethods(TestMethodWorker.java:126)
	at org.testng.internal.TestMethodWorker.run(TestMethodWorker.java:109)
	at org.testng.TestRunner.privateRun(TestRunner.java:744)
	at org.testng.TestRunner.run(TestRunner.java:602)
	at org.testng.SuiteRunner.runTest(SuiteRunner.java:380)
	at org.testng.SuiteRunner.runSequentially(SuiteRunner.java:375)
	at org.testng.SuiteRunner.privateRun(SuiteRunner.java:340)
	at org.testng.SuiteRunner.run(SuiteRunner.java:289)
	at org.testng.SuiteRunnerWorker.runSuite(SuiteRunnerWorker.java:52)
	at org.testng.SuiteRunnerWorker.run(SuiteRunnerWorker.java:86)
	at org.testng.TestNG.runSuitesSequentially(TestNG.java:1301)
	at org.testng.TestNG.runSuitesLocally(TestNG.java:1226)
	at org.testng.TestNG.runSuites(TestNG.java:1144)
	at org.testng.TestNG.run(TestNG.java:1115)
	at org.testng.remote.AbstractRemoteTestNG.run(AbstractRemoteTestNG.java:132)
	at org.testng.remote.RemoteTestNG.initAndRun(RemoteTestNG.java:230)
	at org.testng.remote.RemoteTestNG.main(RemoteTestNG.java:76)

</div> <!-- stack-trace -->
                </div> <!-- method-content -->
              </div> <!-- method -->
              <div class="method">
                <div class="method-content">
                  <a name="test(Element: Radio button Male, index.php, id_g_radio_01, (26, 26), (326, 354))">
                  </a> <!-- test(Element: Radio button Male, index.php, id_g_radio_01, (26, 26), (326, 354)) -->
                  <span class="method-name">test</span>
                  <span class="parameters">(Element: Radio button Male, index.php, id_g_radio_01, (26, 26), (326, 354))</span>
                  <div class="stack-trace">java.lang.AssertionError: 
Expected: &lt;true&gt;
     but: was &lt;false&gt;
	at org.hamcrest.MatcherAssert.assertThat(MatcherAssert.java:20)
	at org.hamcrest.MatcherAssert.assertThat(MatcherAssert.java:8)
	at core.ElementsValidationTestV.test(ElementsValidationTestV.java:50)
	at sun.reflect.NativeMethodAccessorImpl.invoke0(Native Method)
	at sun.reflect.NativeMethodAccessorImpl.invoke(NativeMethodAccessorImpl.java:62)
	at sun.reflect.DelegatingMethodAccessorImpl.invoke(DelegatingMethodAccessorImpl.java:43)
	at java.lang.reflect.Method.invoke(Method.java:498)
	at org.testng.internal.MethodInvocationHelper.invokeMethod(MethodInvocationHelper.java:108)
	at org.testng.internal.Invoker.invokeMethod(Invoker.java:661)
	at org.testng.internal.Invoker.invokeTestMethod(Invoker.java:869)
	at org.testng.internal.Invoker.invokeTestMethods(Invoker.java:1193)
	at org.testng.internal.TestMethodWorker.invokeTestMethods(TestMethodWorker.java:126)
	at org.testng.internal.TestMethodWorker.run(TestMethodWorker.java:109)
	at org.testng.TestRunner.privateRun(TestRunner.java:744)
	at org.testng.TestRunner.run(TestRunner.java:602)
	at org.testng.SuiteRunner.runTest(SuiteRunner.java:380)
	at org.testng.SuiteRunner.runSequentially(SuiteRunner.java:375)
	at org.testng.SuiteRunner.privateRun(SuiteRunner.java:340)
	at org.testng.SuiteRunner.run(SuiteRunner.java:289)
	at org.testng.SuiteRunnerWorker.runSuite(SuiteRunnerWorker.java:52)
	at org.testng.SuiteRunnerWorker.run(SuiteRunnerWorker.java:86)
	at org.testng.TestNG.runSuitesSequentially(TestNG.java:1301)
	at org.testng.TestNG.runSuitesLocally(TestNG.java:1226)
	at org.testng.TestNG.runSuites(TestNG.java:1144)
	at org.testng.TestNG.run(TestNG.java:1115)
	at org.testng.remote.AbstractRemoteTestNG.run(AbstractRemoteTestNG.java:132)
	at org.testng.remote.RemoteTestNG.initAndRun(RemoteTestNG.java:230)
	at org.testng.remote.RemoteTestNG.main(RemoteTestNG.java:76)

</div> <!-- stack-trace -->
                </div> <!-- method-content -->
              </div> <!-- method -->
            </div> <!-- main-panel-content rounded-window-bottom -->
          </div> <!-- suite-Default_suite-class-failed -->
          <div class="suite-Default_suite-class-passed">
            <div class="main-panel-header rounded-window-top">
              <img src="passed.png"/>
              <span class="class-name">core.ElementsValidationTestV</span>
            </div> <!-- main-panel-header rounded-window-top -->
            <div class="main-panel-content rounded-window-bottom">
              <div class="method">
                <div class="method-content">
                  <a name="test(Element: Image Youtube, index.php, id_img_youtube, (60, 60), (520, 478))">
                  </a> <!-- test(Element: Image Youtube, index.php, id_img_youtube, (60, 60), (520, 478)) -->
                  <span class="method-name">test</span>
                  <span class="parameters">(Element: Image Youtube, index.php, id_img_youtube, (60, 60), (520, 478))</span>
                </div> <!-- method-content -->
              </div> <!-- method -->
              <div class="method">
                <div class="method-content">
                  <a name="test(Element: Page title (Sing Up), index.php, id_f_title, (151, 44), (314, 87))">
                  </a> <!-- test(Element: Page title (Sing Up), index.php, id_f_title, (151, 44), (314, 87)) -->
                  <span class="method-name">test</span>
                  <span class="parameters">(Element: Page title (Sing Up), index.php, id_f_title, (151, 44), (314, 87))</span>
                </div> <!-- method-content -->
              </div> <!-- method -->
              <div class="method">
                <div class="method-content">
                  <a name="test(Element: quotes, index.php, id_quotes, (1421, 20), (9, 49))">
                  </a> <!-- test(Element: quotes, index.php, id_quotes, (1421, 20), (9, 49)) -->
                  <span class="method-name">test</span>
                  <span class="parameters">(Element: quotes, index.php, id_quotes, (1421, 20), (9, 49))</span>
                </div> <!-- method-content -->
              </div> <!-- method -->
              <div class="method">
                <div class="method-content">
                  <a name="test(Element: Image Facebook, index.php, id_img_facebook, (60, 60), (314, 478))">
                  </a> <!-- test(Element: Image Facebook, index.php, id_img_facebook, (60, 60), (314, 478)) -->
                  <span class="method-name">test</span>
                  <span class="parameters">(Element: Image Facebook, index.php, id_img_facebook, (60, 60), (314, 478))</span>
                </div> <!-- method-content -->
              </div> <!-- method -->
              <div class="method">
                <div class="method-content">
                  <a name="test(Element: weather_icon, index.php, id_weather_icon, (50, 50), (957, 99))">
                  </a> <!-- test(Element: weather_icon, index.php, id_weather_icon, (50, 50), (957, 99)) -->
                  <span class="method-name">test</span>
                  <span class="parameters">(Element: weather_icon, index.php, id_weather_icon, (50, 50), (957, 99))</span>
                </div> <!-- method-content -->
              </div> <!-- method -->
              <div class="method">
                <div class="method-content">
                  <a name="test(Element: Button Reset, index.php, id_reset_button, (104, 37), (751, 494))">
                  </a> <!-- test(Element: Button Reset, index.php, id_reset_button, (104, 37), (751, 494)) -->
                  <span class="method-name">test</span>
                  <span class="parameters">(Element: Button Reset, index.php, id_reset_button, (104, 37), (751, 494))</span>
                </div> <!-- method-content -->
              </div> <!-- method -->
              <div class="method">
                <div class="method-content">
                  <a name="test(Element: Label email, index.php, id_f_label_ea, (138, 24), (314, 234))">
                  </a> <!-- test(Element: Label email, index.php, id_f_label_ea, (138, 24), (314, 234)) -->
                  <span class="method-name">test</span>
                  <span class="parameters">(Element: Label email, index.php, id_f_label_ea, (138, 24), (314, 234))</span>
                </div> <!-- method-content -->
              </div> <!-- method -->
              <div class="method">
                <div class="method-content">
                  <a name="test(Element: Image Twitter, index.php, id_img_twitter, (60, 60), (382, 478))">
                  </a> <!-- test(Element: Image Twitter, index.php, id_img_twitter, (60, 60), (382, 478)) -->
                  <span class="method-name">test</span>
                  <span class="parameters">(Element: Image Twitter, index.php, id_img_twitter, (60, 60), (382, 478))</span>
                </div> <!-- method-content -->
              </div> <!-- method -->
              <div class="method">
                <div class="method-content">
                  <a name="test(Element: temperature, index.php, id_temperature, (72, 42), (1015, 103))">
                  </a> <!-- test(Element: temperature, index.php, id_temperature, (72, 42), (1015, 103)) -->
                  <span class="method-name">test</span>
                  <span class="parameters">(Element: temperature, index.php, id_temperature, (72, 42), (1015, 103))</span>
                </div> <!-- method-content -->
              </div> <!-- method -->
              <div class="method">
                <div class="method-content">
                  <a name="test(Element: Drop-down List State, index.php, id_state, (340, 35), (739, 347))">
                  </a> <!-- test(Element: Drop-down List State, index.php, id_state, (340, 35), (739, 347)) -->
                  <span class="method-name">test</span>
                  <span class="parameters">(Element: Drop-down List State, index.php, id_state, (340, 35), (739, 347))</span>
                </div> <!-- method-content -->
              </div> <!-- method -->
              <div class="method">
                <div class="method-content">
                  <a name="test(Element: current_location, index.php, id_current_location, (178, 24), (910, 71))">
                  </a> <!-- test(Element: current_location, index.php, id_current_location, (178, 24), (910, 71)) -->
                  <span class="method-name">test</span>
                  <span class="parameters">(Element: current_location, index.php, id_current_location, (178, 24), (910, 71))</span>
                </div> <!-- method-content -->
              </div> <!-- method -->
              <div class="method">
                <div class="method-content">
                  <a name="test(Element: Conf Page Title, confirmation.php, id_f_title, (249, 44), (320, 85))">
                  </a> <!-- test(Element: Conf Page Title, confirmation.php, id_f_title, (249, 44), (320, 85)) -->
                  <span class="method-name">test</span>
                  <span class="parameters">(Element: Conf Page Title, confirmation.php, id_f_title, (249, 44), (320, 85))</span>
                </div> <!-- method-content -->
              </div> <!-- method -->
              <div class="method">
                <div class="method-content">
                  <a name="test(Element: Image Flickr, index.php, id_img_flickr, (60, 60), (451, 478))">
                  </a> <!-- test(Element: Image Flickr, index.php, id_img_flickr, (60, 60), (451, 478)) -->
                  <span class="method-name">test</span>
                  <span class="parameters">(Element: Image Flickr, index.php, id_img_flickr, (60, 60), (451, 478))</span>
                </div> <!-- method-content -->
              </div> <!-- method -->
              <div class="method">
                <div class="method-content">
                  <a name="test(Element: Label last name, index.php, id_f_label_ln, (103, 24), (739, 154))">
                  </a> <!-- test(Element: Label last name, index.php, id_f_label_ln, (103, 24), (739, 154)) -->
                  <span class="method-name">test</span>
                  <span class="parameters">(Element: Label last name, index.php, id_f_label_ln, (103, 24), (739, 154))</span>
                </div> <!-- method-content -->
              </div> <!-- method -->
              <div class="method">
                <div class="method-content">
                  <a name="test(Element: Label first name, index.php, id_f_label_fn, (104, 24), (314, 154))">
                  </a> <!-- test(Element: Label first name, index.php, id_f_label_fn, (104, 24), (314, 154)) -->
                  <span class="method-name">test</span>
                  <span class="parameters">(Element: Label first name, index.php, id_f_label_fn, (104, 24), (314, 154))</span>
                </div> <!-- method-content -->
              </div> <!-- method -->
              <div class="method">
                <div class="method-content">
                  <a name="test(Element: Phone_number, index.php, id_phone, (386, 42), (739, 264))">
                  </a> <!-- test(Element: Phone_number, index.php, id_phone, (386, 42), (739, 264)) -->
                  <span class="method-name">test</span>
                  <span class="parameters">(Element: Phone_number, index.php, id_phone, (386, 42), (739, 264))</span>
                </div> <!-- method-content -->
              </div> <!-- method -->
              <div class="method">
                <div class="method-content">
                  <a name="test(Element: Button Submit, index.php, id_submit_button, (118, 37), (1006, 494))">
                  </a> <!-- test(Element: Button Submit, index.php, id_submit_button, (118, 37), (1006, 494)) -->
                  <span class="method-name">test</span>
                  <span class="parameters">(Element: Button Submit, index.php, id_submit_button, (118, 37), (1006, 494))</span>
                </div> <!-- method-content -->
              </div> <!-- method -->
              <div class="method">
                <div class="method-content">
                  <a name="test(Element: Label phone, index.php, id_f_label_pn, (143, 24), (739, 234))">
                  </a> <!-- test(Element: Label phone, index.php, id_f_label_pn, (143, 24), (739, 234)) -->
                  <span class="method-name">test</span>
                  <span class="parameters">(Element: Label phone, index.php, id_f_label_pn, (143, 24), (739, 234))</span>
                </div> <!-- method-content -->
              </div> <!-- method -->
              <div class="method">
                <div class="method-content">
                  <a name="test(Element: Copyright, index.php, copyright, (250, 24), (585, 551))">
                  </a> <!-- test(Element: Copyright, index.php, copyright, (250, 24), (585, 551)) -->
                  <span class="method-name">test</span>
                  <span class="parameters">(Element: Copyright, index.php, copyright, (250, 24), (585, 551))</span>
                </div> <!-- method-content -->
              </div> <!-- method -->
              <div class="method">
                <div class="method-content">
                  <a name="test(Element: Email, index.php, id_email, (386, 42), (314, 264))">
                  </a> <!-- test(Element: Email, index.php, id_email, (386, 42), (314, 264)) -->
                  <span class="method-name">test</span>
                  <span class="parameters">(Element: Email, index.php, id_email, (386, 42), (314, 264))</span>
                </div> <!-- method-content -->
              </div> <!-- method -->
              <div class="method">
                <div class="method-content">
                  <a name="test(Element: Today&#039;s date, index.php, timestamp, (290, 24), (295, 551))">
                  </a> <!-- test(Element: Today's date, index.php, timestamp, (290, 24), (295, 551)) -->
                  <span class="method-name">test</span>
                  <span class="parameters">(Element: Today's date, index.php, timestamp, (290, 24), (295, 551))</span>
                </div> <!-- method-content -->
              </div> <!-- method -->
              <div class="method">
                <div class="method-content">
                  <a name="test(Element: Button Back, confirmation.php, id_back_button, (120, 37), (746, 492))">
                  </a> <!-- test(Element: Button Back, confirmation.php, id_back_button, (120, 37), (746, 492)) -->
                  <span class="method-name">test</span>
                  <span class="parameters">(Element: Button Back, confirmation.php, id_back_button, (120, 37), (746, 492))</span>
                </div> <!-- method-content -->
              </div> <!-- method -->
              <div class="method">
                <div class="method-content">
                  <a name="test(Element: Os &amp; browser, index.php, os_browser, (310, 24), (835, 551))">
                  </a> <!-- test(Element: Os & browser, index.php, os_browser, (310, 24), (835, 551)) -->
                  <span class="method-name">test</span>
                  <span class="parameters">(Element: Os & browser, index.php, os_browser, (310, 24), (835, 551))</span>
                </div> <!-- method-content -->
              </div> <!-- method -->
              <div class="method">
                <div class="method-content">
                  <a name="test(Element: Last name, index.php, id_lname, (386, 42), (739, 184))">
                  </a> <!-- test(Element: Last name, index.php, id_lname, (386, 42), (739, 184)) -->
                  <span class="method-name">test</span>
                  <span class="parameters">(Element: Last name, index.php, id_lname, (386, 42), (739, 184))</span>
                </div> <!-- method-content -->
              </div> <!-- method -->
              <div class="method">
                <div class="method-content">
                  <a name="test(Element: Label State, index.php, id_f_label_s, (50, 24), (739, 317))">
                  </a> <!-- test(Element: Label State, index.php, id_f_label_s, (50, 24), (739, 317)) -->
                  <span class="method-name">test</span>
                  <span class="parameters">(Element: Label State, index.php, id_f_label_s, (50, 24), (739, 317))</span>
                </div> <!-- method-content -->
              </div> <!-- method -->
              <div class="method">
                <div class="method-content">
                  <a name="test(Element: First name, index.php, id_fname, (386, 42), (314, 184))">
                  </a> <!-- test(Element: First name, index.php, id_fname, (386, 42), (314, 184)) -->
                  <span class="method-name">test</span>
                  <span class="parameters">(Element: First name, index.php, id_fname, (386, 42), (314, 184))</span>
                </div> <!-- method-content -->
              </div> <!-- method -->
            </div> <!-- main-panel-content rounded-window-bottom -->
          </div> <!-- suite-Default_suite-class-passed -->
        </div> <!-- panel Default_suite -->
        <div panel-name="test-xml-Default_suite" class="panel">
          <div class="main-panel-header rounded-window-top">
            <span class="header-content">/private/var/folders/2v/vnn7j31552b2fn369vdmqff00000gn/T/testng-eclipse--262308863/testng-customsuite.xml</span>
          </div> <!-- main-panel-header rounded-window-top -->
          <div class="main-panel-content rounded-window-bottom">
            <pre>
&lt;?xml version=&quot;1.0&quot; encoding=&quot;UTF-8&quot;?&gt;
&lt;!DOCTYPE suite SYSTEM &quot;http://testng.org/testng-1.0.dtd&quot;&gt;
&lt;suite guice-stage=&quot;DEVELOPMENT&quot; name=&quot;Default suite&quot;&gt;
  &lt;test verbose=&quot;2&quot; name=&quot;Default test&quot;&gt;
    &lt;classes&gt;
      &lt;class name=&quot;core.ElementsValidationTestV&quot;/&gt;
    &lt;/classes&gt;
  &lt;/test&gt; &lt;!-- Default test --&gt;
&lt;/suite&gt; &lt;!-- Default suite --&gt;
            </pre>
          </div> <!-- main-panel-content rounded-window-bottom -->
        </div> <!-- panel -->
        <div panel-name="testlist-Default_suite" class="panel">
          <div class="main-panel-header rounded-window-top">
            <span class="header-content">Tests for Default suite</span>
          </div> <!-- main-panel-header rounded-window-top -->
          <div class="main-panel-content rounded-window-bottom">
            <ul>
              <li>
                <span class="test-name">Default test (1 class)</span>
              </li>
            </ul>
          </div> <!-- main-panel-content rounded-window-bottom -->
        </div> <!-- panel -->
        <div panel-name="group-Default_suite" class="panel">
          <div class="main-panel-header rounded-window-top">
            <span class="header-content">Groups for Default suite</span>
          </div> <!-- main-panel-header rounded-window-top -->
          <div class="main-panel-content rounded-window-bottom">
          </div> <!-- main-panel-content rounded-window-bottom -->
        </div> <!-- panel -->
        <div panel-name="times-Default_suite" class="panel">
          <div class="main-panel-header rounded-window-top">
            <span class="header-content">Times for Default suite</span>
          </div> <!-- main-panel-header rounded-window-top -->
          <div class="main-panel-content rounded-window-bottom">
            <div class="times-div">
              <script type="text/javascript">
suiteTableInitFunctions.push('tableData_Default_suite');
function tableData_Default_suite() {
var data = new google.visualization.DataTable();
data.addColumn('number', 'Number');
data.addColumn('string', 'Method');
data.addColumn('string', 'Class');
data.addColumn('number', 'Time (ms)');
data.addRows(47);
data.setCell(0, 0, 0)
data.setCell(0, 1, 'test')
data.setCell(0, 2, 'core.ElementsValidationTestV')
data.setCell(0, 3, 103650);
data.setCell(1, 0, 1)
data.setCell(1, 1, 'test')
data.setCell(1, 2, 'core.ElementsValidationTestV')
data.setCell(1, 3, 3077);
data.setCell(2, 0, 2)
data.setCell(2, 1, 'test')
data.setCell(2, 2, 'core.ElementsValidationTestV')
data.setCell(2, 3, 2899);
data.setCell(3, 0, 3)
data.setCell(3, 1, 'test')
data.setCell(3, 2, 'core.ElementsValidationTestV')
data.setCell(3, 3, 2826);
data.setCell(4, 0, 4)
data.setCell(4, 1, 'test')
data.setCell(4, 2, 'core.ElementsValidationTestV')
data.setCell(4, 3, 2815);
data.setCell(5, 0, 5)
data.setCell(5, 1, 'test')
data.setCell(5, 2, 'core.ElementsValidationTestV')
data.setCell(5, 3, 2781);
data.setCell(6, 0, 6)
data.setCell(6, 1, 'test')
data.setCell(6, 2, 'core.ElementsValidationTestV')
data.setCell(6, 3, 2768);
data.setCell(7, 0, 7)
data.setCell(7, 1, 'test')
data.setCell(7, 2, 'core.ElementsValidationTestV')
data.setCell(7, 3, 2516);
data.setCell(8, 0, 8)
data.setCell(8, 1, 'test')
data.setCell(8, 2, 'core.ElementsValidationTestV')
data.setCell(8, 3, 2501);
data.setCell(9, 0, 9)
data.setCell(9, 1, 'test')
data.setCell(9, 2, 'core.ElementsValidationTestV')
data.setCell(9, 3, 2464);
data.setCell(10, 0, 10)
data.setCell(10, 1, 'test')
data.setCell(10, 2, 'core.ElementsValidationTestV')
data.setCell(10, 3, 2378);
data.setCell(11, 0, 11)
data.setCell(11, 1, 'test')
data.setCell(11, 2, 'core.ElementsValidationTestV')
data.setCell(11, 3, 2308);
data.setCell(12, 0, 12)
data.setCell(12, 1, 'test')
data.setCell(12, 2, 'core.ElementsValidationTestV')
data.setCell(12, 3, 2301);
data.setCell(13, 0, 13)
data.setCell(13, 1, 'test')
data.setCell(13, 2, 'core.ElementsValidationTestV')
data.setCell(13, 3, 2293);
data.setCell(14, 0, 14)
data.setCell(14, 1, 'test')
data.setCell(14, 2, 'core.ElementsValidationTestV')
data.setCell(14, 3, 2288);
data.setCell(15, 0, 15)
data.setCell(15, 1, 'test')
data.setCell(15, 2, 'core.ElementsValidationTestV')
data.setCell(15, 3, 2283);
data.setCell(16, 0, 16)
data.setCell(16, 1, 'test')
data.setCell(16, 2, 'core.ElementsValidationTestV')
data.setCell(16, 3, 2269);
data.setCell(17, 0, 17)
data.setCell(17, 1, 'test')
data.setCell(17, 2, 'core.ElementsValidationTestV')
data.setCell(17, 3, 2252);
data.setCell(18, 0, 18)
data.setCell(18, 1, 'test')
data.setCell(18, 2, 'core.ElementsValidationTestV')
data.setCell(18, 3, 2241);
data.setCell(19, 0, 19)
data.setCell(19, 1, 'test')
data.setCell(19, 2, 'core.ElementsValidationTestV')
data.setCell(19, 3, 2225);
data.setCell(20, 0, 20)
data.setCell(20, 1, 'test')
data.setCell(20, 2, 'core.ElementsValidationTestV')
data.setCell(20, 3, 2220);
data.setCell(21, 0, 21)
data.setCell(21, 1, 'test')
data.setCell(21, 2, 'core.ElementsValidationTestV')
data.setCell(21, 3, 2210);
data.setCell(22, 0, 22)
data.setCell(22, 1, 'test')
data.setCell(22, 2, 'core.ElementsValidationTestV')
data.setCell(22, 3, 2187);
data.setCell(23, 0, 23)
data.setCell(23, 1, 'test')
data.setCell(23, 2, 'core.ElementsValidationTestV')
data.setCell(23, 3, 2168);
data.setCell(24, 0, 24)
data.setCell(24, 1, 'test')
data.setCell(24, 2, 'core.ElementsValidationTestV')
data.setCell(24, 3, 2119);
data.setCell(25, 0, 25)
data.setCell(25, 1, 'test')
data.setCell(25, 2, 'core.ElementsValidationTestV')
data.setCell(25, 3, 2111);
data.setCell(26, 0, 26)
data.setCell(26, 1, 'test')
data.setCell(26, 2, 'core.ElementsValidationTestV')
data.setCell(26, 3, 2006);
data.setCell(27, 0, 27)
data.setCell(27, 1, 'test')
data.setCell(27, 2, 'core.ElementsValidationTestV')
data.setCell(27, 3, 1966);
data.setCell(28, 0, 28)
data.setCell(28, 1, 'test')
data.setCell(28, 2, 'core.ElementsValidationTestV')
data.setCell(28, 3, 1949);
data.setCell(29, 0, 29)
data.setCell(29, 1, 'test')
data.setCell(29, 2, 'core.ElementsValidationTestV')
data.setCell(29, 3, 1892);
data.setCell(30, 0, 30)
data.setCell(30, 1, 'test')
data.setCell(30, 2, 'core.ElementsValidationTestV')
data.setCell(30, 3, 1836);
data.setCell(31, 0, 31)
data.setCell(31, 1, 'test')
data.setCell(31, 2, 'core.ElementsValidationTestV')
data.setCell(31, 3, 1835);
data.setCell(32, 0, 32)
data.setCell(32, 1, 'test')
data.setCell(32, 2, 'core.ElementsValidationTestV')
data.setCell(32, 3, 1818);
data.setCell(33, 0, 33)
data.setCell(33, 1, 'test')
data.setCell(33, 2, 'core.ElementsValidationTestV')
data.setCell(33, 3, 1792);
data.setCell(34, 0, 34)
data.setCell(34, 1, 'test')
data.setCell(34, 2, 'core.ElementsValidationTestV')
data.setCell(34, 3, 1792);
data.setCell(35, 0, 35)
data.setCell(35, 1, 'test')
data.setCell(35, 2, 'core.ElementsValidationTestV')
data.setCell(35, 3, 1785);
data.setCell(36, 0, 36)
data.setCell(36, 1, 'test')
data.setCell(36, 2, 'core.ElementsValidationTestV')
data.setCell(36, 3, 1780);
data.setCell(37, 0, 37)
data.setCell(37, 1, 'test')
data.setCell(37, 2, 'core.ElementsValidationTestV')
data.setCell(37, 3, 1776);
data.setCell(38, 0, 38)
data.setCell(38, 1, 'test')
data.setCell(38, 2, 'core.ElementsValidationTestV')
data.setCell(38, 3, 1767);
data.setCell(39, 0, 39)
data.setCell(39, 1, 'test')
data.setCell(39, 2, 'core.ElementsValidationTestV')
data.setCell(39, 3, 1765);
data.setCell(40, 0, 40)
data.setCell(40, 1, 'test')
data.setCell(40, 2, 'core.ElementsValidationTestV')
data.setCell(40, 3, 1758);
data.setCell(41, 0, 41)
data.setCell(41, 1, 'test')
data.setCell(41, 2, 'core.ElementsValidationTestV')
data.setCell(41, 3, 1752);
data.setCell(42, 0, 42)
data.setCell(42, 1, 'test')
data.setCell(42, 2, 'core.ElementsValidationTestV')
data.setCell(42, 3, 1750);
data.setCell(43, 0, 43)
data.setCell(43, 1, 'test')
data.setCell(43, 2, 'core.ElementsValidationTestV')
data.setCell(43, 3, 1652);
data.setCell(44, 0, 44)
data.setCell(44, 1, 'test')
data.setCell(44, 2, 'core.ElementsValidationTestV')
data.setCell(44, 3, 1612);
data.setCell(45, 0, 45)
data.setCell(45, 1, 'test')
data.setCell(45, 2, 'core.ElementsValidationTestV')
data.setCell(45, 3, 1241);
data.setCell(46, 0, 46)
data.setCell(46, 1, 'test')
data.setCell(46, 2, 'core.ElementsValidationTestV')
data.setCell(46, 3, 1238);
window.suiteTableData['Default_suite']= { tableData: data, tableDiv: 'times-div-Default_suite'}
return data;
}
              </script>
              <span class="suite-total-time">Total running time: 3 minutes</span>
              <div id="times-div-Default_suite">
              </div> <!-- times-div-Default_suite -->
            </div> <!-- times-div -->
          </div> <!-- main-panel-content rounded-window-bottom -->
        </div> <!-- panel -->
        <div panel-name="reporter-Default_suite" class="panel">
          <div class="main-panel-header rounded-window-top">
            <span class="header-content">Reporter output for Default suite</span>
          </div> <!-- main-panel-header rounded-window-top -->
          <div class="main-panel-content rounded-window-bottom">
          </div> <!-- main-panel-content rounded-window-bottom -->
        </div> <!-- panel -->
        <div panel-name="ignored-methods-Default_suite" class="panel">
          <div class="main-panel-header rounded-window-top">
            <span class="header-content">0 ignored methods</span>
          </div> <!-- main-panel-header rounded-window-top -->
          <div class="main-panel-content rounded-window-bottom">
          </div> <!-- main-panel-content rounded-window-bottom -->
        </div> <!-- panel -->
        <div panel-name="chronological-Default_suite" class="panel">
          <div class="main-panel-header rounded-window-top">
            <span class="header-content">Methods in chronological order</span>
          </div> <!-- main-panel-header rounded-window-top -->
          <div class="main-panel-content rounded-window-bottom">
            <div class="chronological-class">
              <div class="chronological-class-name">core.ElementsValidationTestV</div> <!-- chronological-class-name -->
              <div class="configuration-method before">
                <span class="method-name">bm(public void core.ElementsValidationTestV.test(java.lang.String,java.lang.String,java.lang.String,jav...)</span>
                <span class="method-start">0 ms</span>
              </div> <!-- configuration-method before -->
              <div class="test-method">
                <span class="method-name">test(Element: quotes, index.php, id_quotes, (1421, 20), (9, 49))</span>
                <span class="method-start">6 ms</span>
              </div> <!-- test-method -->
              <div class="configuration-method after">
                <span class="method-name">am</span>
                <span class="method-start">2509 ms</span>
              </div> <!-- configuration-method after -->
              <div class="configuration-method before">
                <span class="method-name">bm(public void core.ElementsValidationTestV.test(java.lang.String,java.lang.String,java.lang.String,jav...)</span>
                <span class="method-start">2676 ms</span>
              </div> <!-- configuration-method before -->
              <div class="test-method">
                <span class="method-name">test(Element: Page title (Sing Up), index.php, id_f_title, (151, 44), (314, 87))</span>
                <span class="method-start">2676 ms</span>
              </div> <!-- test-method -->
              <div class="configuration-method after">
                <span class="method-name">am</span>
                <span class="method-start">4289 ms</span>
              </div> <!-- configuration-method after -->
              <div class="configuration-method before">
                <span class="method-name">bm(public void core.ElementsValidationTestV.test(java.lang.String,java.lang.String,java.lang.String,jav...)</span>
                <span class="method-start">4448 ms</span>
              </div> <!-- configuration-method before -->
              <div class="test-method">
                <span class="method-name">test(Element: current_location, index.php, id_current_location, (178, 24), (910, 71))</span>
                <span class="method-start">4448 ms</span>
              </div> <!-- test-method -->
              <div class="configuration-method after">
                <span class="method-name">am</span>
                <span class="method-start">6101 ms</span>
              </div> <!-- configuration-method after -->
              <div class="configuration-method before">
                <span class="method-name">bm(public void core.ElementsValidationTestV.test(java.lang.String,java.lang.String,java.lang.String,jav...)</span>
                <span class="method-start">6259 ms</span>
              </div> <!-- configuration-method before -->
              <div class="test-method">
                <span class="method-name">test(Element: weather_icon, index.php, id_weather_icon, (50, 50), (957, 99))</span>
                <span class="method-start">6259 ms</span>
              </div> <!-- test-method -->
              <div class="configuration-method after">
                <span class="method-name">am</span>
                <span class="method-start">8040 ms</span>
              </div> <!-- configuration-method after -->
              <div class="configuration-method before">
                <span class="method-name">bm(public void core.ElementsValidationTestV.test(java.lang.String,java.lang.String,java.lang.String,jav...)</span>
                <span class="method-start">8154 ms</span>
              </div> <!-- configuration-method before -->
              <div class="test-method">
                <span class="method-name">test(Element: temperature, index.php, id_temperature, (72, 42), (1015, 103))</span>
                <span class="method-start">8154 ms</span>
              </div> <!-- test-method -->
              <div class="configuration-method after">
                <span class="method-name">am</span>
                <span class="method-start">9920 ms</span>
              </div> <!-- configuration-method after -->
              <div class="configuration-method before">
                <span class="method-name">bm(public void core.ElementsValidationTestV.test(java.lang.String,java.lang.String,java.lang.String,jav...)</span>
                <span class="method-start">10082 ms</span>
              </div> <!-- configuration-method before -->
              <div class="test-method">
                <span class="method-name">test(Element: Label first name, index.php, id_f_label_fn, (104, 24), (314, 154))</span>
                <span class="method-start">10082 ms</span>
              </div> <!-- test-method -->
              <div class="configuration-method after">
                <span class="method-name">am</span>
                <span class="method-start">11975 ms</span>
              </div> <!-- configuration-method after -->
              <div class="configuration-method before">
                <span class="method-name">bm(public void core.ElementsValidationTestV.test(java.lang.String,java.lang.String,java.lang.String,jav...)</span>
                <span class="method-start">12130 ms</span>
              </div> <!-- configuration-method before -->
              <div class="test-method">
                <span class="method-name">test(Element: First name, index.php, id_fname, (386, 42), (314, 184))</span>
                <span class="method-start">12130 ms</span>
              </div> <!-- test-method -->
              <div class="configuration-method after">
                <span class="method-name">am</span>
                <span class="method-start">13916 ms</span>
              </div> <!-- configuration-method after -->
              <div class="configuration-method before">
                <span class="method-name">bm(public void core.ElementsValidationTestV.test(java.lang.String,java.lang.String,java.lang.String,jav...)</span>
                <span class="method-start">14068 ms</span>
              </div> <!-- configuration-method before -->
              <div class="test-method">
                <span class="method-name">test(Element: Label last name, index.php, id_f_label_ln, (103, 24), (739, 154))</span>
                <span class="method-start">14068 ms</span>
              </div> <!-- test-method -->
              <div class="configuration-method after">
                <span class="method-name">am</span>
                <span class="method-start">16180 ms</span>
              </div> <!-- configuration-method after -->
              <div class="configuration-method before">
                <span class="method-name">bm(public void core.ElementsValidationTestV.test(java.lang.String,java.lang.String,java.lang.String,jav...)</span>
                <span class="method-start">16335 ms</span>
              </div> <!-- configuration-method before -->
              <div class="test-method">
                <span class="method-name">test(Element: Last name, index.php, id_lname, (386, 42), (739, 184))</span>
                <span class="method-start">16335 ms</span>
              </div> <!-- test-method -->
              <div class="configuration-method after">
                <span class="method-name">am</span>
                <span class="method-start">18171 ms</span>
              </div> <!-- configuration-method after -->
              <div class="configuration-method before">
                <span class="method-name">bm(public void core.ElementsValidationTestV.test(java.lang.String,java.lang.String,java.lang.String,jav...)</span>
                <span class="method-start">18333 ms</span>
              </div> <!-- configuration-method before -->
              <div class="test-method">
                <span class="method-name">test(Element: Label email, index.php, id_f_label_ea, (138, 24), (314, 234))</span>
                <span class="method-start">18333 ms</span>
              </div> <!-- test-method -->
              <div class="configuration-method after">
                <span class="method-name">am</span>
                <span class="method-start">20152 ms</span>
              </div> <!-- configuration-method after -->
              <div class="configuration-method before">
                <span class="method-name">bm(public void core.ElementsValidationTestV.test(java.lang.String,java.lang.String,java.lang.String,jav...)</span>
                <span class="method-start">20308 ms</span>
              </div> <!-- configuration-method before -->
              <div class="test-method">
                <span class="method-name">test(Element: Email, index.php, id_email, (386, 42), (314, 264))</span>
                <span class="method-start">20308 ms</span>
              </div> <!-- test-method -->
              <div class="configuration-method after">
                <span class="method-name">am</span>
                <span class="method-start">22145 ms</span>
              </div> <!-- configuration-method after -->
              <div class="configuration-method before">
                <span class="method-name">bm(public void core.ElementsValidationTestV.test(java.lang.String,java.lang.String,java.lang.String,jav...)</span>
                <span class="method-start">22304 ms</span>
              </div> <!-- configuration-method before -->
              <div class="test-method">
                <span class="method-name">test(Element: Label phone, index.php, id_f_label_pn, (143, 24), (739, 234))</span>
                <span class="method-start">22304 ms</span>
              </div> <!-- test-method -->
              <div class="configuration-method after">
                <span class="method-name">am</span>
                <span class="method-start">24055 ms</span>
              </div> <!-- configuration-method after -->
              <div class="configuration-method before">
                <span class="method-name">bm(public void core.ElementsValidationTestV.test(java.lang.String,java.lang.String,java.lang.String,jav...)</span>
                <span class="method-start">24219 ms</span>
              </div> <!-- configuration-method before -->
              <div class="test-method">
                <span class="method-name">test(Element: Phone_number, index.php, id_phone, (386, 42), (739, 264))</span>
                <span class="method-start">24219 ms</span>
              </div> <!-- test-method -->
              <div class="configuration-method after">
                <span class="method-name">am</span>
                <span class="method-start">26169 ms</span>
              </div> <!-- configuration-method after -->
              <div class="configuration-method before">
                <span class="method-name">bm(public void core.ElementsValidationTestV.test(java.lang.String,java.lang.String,java.lang.String,jav...)</span>
                <span class="method-start">26325 ms</span>
              </div> <!-- configuration-method before -->
              <div class="test-method">
                <img src="failed.png">
                </img>
                <span class="method-name">test(Element: Label radio male, index.php, id_r_label_m, (44, 23), (366, 355))</span>
                <span class="method-start">26325 ms</span>
              </div> <!-- test-method -->
              <div class="configuration-method after">
                <span class="method-name">am</span>
                <span class="method-start">29154 ms</span>
              </div> <!-- configuration-method after -->
              <div class="configuration-method before">
                <span class="method-name">bm(public void core.ElementsValidationTestV.test(java.lang.String,java.lang.String,java.lang.String,jav...)</span>
                <span class="method-start">29267 ms</span>
              </div> <!-- configuration-method before -->
              <div class="test-method">
                <img src="failed.png">
                </img>
                <span class="method-name">test(Element: Radio button Male, index.php, id_g_radio_01, (26, 26), (326, 354))</span>
                <span class="method-start">29267 ms</span>
              </div> <!-- test-method -->
              <div class="configuration-method after">
                <span class="method-name">am</span>
                <span class="method-start">32345 ms</span>
              </div> <!-- configuration-method after -->
              <div class="configuration-method before">
                <span class="method-name">bm(public void core.ElementsValidationTestV.test(java.lang.String,java.lang.String,java.lang.String,jav...)</span>
                <span class="method-start">32501 ms</span>
              </div> <!-- configuration-method before -->
              <div class="test-method">
                <img src="failed.png">
                </img>
                <span class="method-name">test(Element: Label radio female, index.php, id_r_label_f, (66, 23), (545, 355))</span>
                <span class="method-start">32502 ms</span>
              </div> <!-- test-method -->
              <div class="configuration-method after">
                <span class="method-name">am</span>
                <span class="method-start">35402 ms</span>
              </div> <!-- configuration-method after -->
              <div class="configuration-method before">
                <span class="method-name">bm(public void core.ElementsValidationTestV.test(java.lang.String,java.lang.String,java.lang.String,jav...)</span>
                <span class="method-start">35556 ms</span>
              </div> <!-- configuration-method before -->
              <div class="test-method">
                <img src="failed.png">
                </img>
                <span class="method-name">test(Element: Radio button Female, index.php, id_g_radio_02, (26, 26), (505, 354))</span>
                <span class="method-start">35556 ms</span>
              </div> <!-- test-method -->
              <div class="configuration-method after">
                <span class="method-name">am</span>
                <span class="method-start">38338 ms</span>
              </div> <!-- configuration-method after -->
              <div class="configuration-method before">
                <span class="method-name">bm(public void core.ElementsValidationTestV.test(java.lang.String,java.lang.String,java.lang.String,jav...)</span>
                <span class="method-start">38494 ms</span>
              </div> <!-- configuration-method before -->
              <div class="test-method">
                <span class="method-name">test(Element: Label State, index.php, id_f_label_s, (50, 24), (739, 317))</span>
                <span class="method-start">38494 ms</span>
              </div> <!-- test-method -->
              <div class="configuration-method after">
                <span class="method-name">am</span>
                <span class="method-start">40613 ms</span>
              </div> <!-- configuration-method after -->
              <div class="configuration-method before">
                <span class="method-name">bm(public void core.ElementsValidationTestV.test(java.lang.String,java.lang.String,java.lang.String,jav...)</span>
                <span class="method-start">40771 ms</span>
              </div> <!-- configuration-method before -->
              <div class="test-method">
                <span class="method-name">test(Element: Drop-down List State, index.php, id_state, (340, 35), (739, 347))</span>
                <span class="method-start">40771 ms</span>
              </div> <!-- test-method -->
              <div class="configuration-method after">
                <span class="method-name">am</span>
                <span class="method-start">42524 ms</span>
              </div> <!-- configuration-method after -->
              <div class="configuration-method before">
                <span class="method-name">bm(public void core.ElementsValidationTestV.test(java.lang.String,java.lang.String,java.lang.String,jav...)</span>
                <span class="method-start">42637 ms</span>
              </div> <!-- configuration-method before -->
              <div class="test-method">
                <img src="failed.png">
                </img>
                <span class="method-name">test(Element: Label I agree, index.php, id_cb_label, (231, 30), (357, 414))</span>
                <span class="method-start">42637 ms</span>
              </div> <!-- test-method -->
              <div class="configuration-method after">
                <span class="method-name">am</span>
                <span class="method-start">45452 ms</span>
              </div> <!-- configuration-method after -->
              <div class="configuration-method before">
                <span class="method-name">bm(public void core.ElementsValidationTestV.test(java.lang.String,java.lang.String,java.lang.String,jav...)</span>
                <span class="method-start">45565 ms</span>
              </div> <!-- configuration-method before -->
              <div class="test-method">
                <img src="failed.png">
                </img>
                <span class="method-name">test(Element: Checkbox terms, index.php, id_checkbox, (26, 26), (314, 419))</span>
                <span class="method-start">45566 ms</span>
              </div> <!-- test-method -->
              <div class="configuration-method after">
                <span class="method-name">am</span>
                <span class="method-start">48335 ms</span>
              </div> <!-- configuration-method after -->
              <div class="configuration-method before">
                <span class="method-name">bm(public void core.ElementsValidationTestV.test(java.lang.String,java.lang.String,java.lang.String,jav...)</span>
                <span class="method-start">48446 ms</span>
              </div> <!-- configuration-method before -->
              <div class="test-method">
                <span class="method-name">test(Element: Image Facebook, index.php, id_img_facebook, (60, 60), (314, 478))</span>
                <span class="method-start">48446 ms</span>
              </div> <!-- test-method -->
              <div class="configuration-method after">
                <span class="method-name">am</span>
                <span class="method-start">50634 ms</span>
              </div> <!-- configuration-method after -->
              <div class="configuration-method before">
                <span class="method-name">bm(public void core.ElementsValidationTestV.test(java.lang.String,java.lang.String,java.lang.String,jav...)</span>
                <span class="method-start">50741 ms</span>
              </div> <!-- configuration-method before -->
              <div class="test-method">
                <span class="method-name">test(Element: Image Twitter, index.php, id_img_twitter, (60, 60), (382, 478))</span>
                <span class="method-start">50742 ms</span>
              </div> <!-- test-method -->
              <div class="configuration-method after">
                <span class="method-name">am</span>
                <span class="method-start">52911 ms</span>
              </div> <!-- configuration-method after -->
              <div class="configuration-method before">
                <span class="method-name">bm(public void core.ElementsValidationTestV.test(java.lang.String,java.lang.String,java.lang.String,jav...)</span>
                <span class="method-start">53023 ms</span>
              </div> <!-- configuration-method before -->
              <div class="test-method">
                <span class="method-name">test(Element: Image Flickr, index.php, id_img_flickr, (60, 60), (451, 478))</span>
                <span class="method-start">53023 ms</span>
              </div> <!-- test-method -->
              <div class="configuration-method after">
                <span class="method-name">am</span>
                <span class="method-start">54989 ms</span>
              </div> <!-- configuration-method after -->
              <div class="configuration-method before">
                <span class="method-name">bm(public void core.ElementsValidationTestV.test(java.lang.String,java.lang.String,java.lang.String,jav...)</span>
                <span class="method-start">55147 ms</span>
              </div> <!-- configuration-method before -->
              <div class="test-method">
                <span class="method-name">test(Element: Image Youtube, index.php, id_img_youtube, (60, 60), (520, 478))</span>
                <span class="method-start">55147 ms</span>
              </div> <!-- test-method -->
              <div class="configuration-method after">
                <span class="method-name">am</span>
                <span class="method-start">56940 ms</span>
              </div> <!-- configuration-method after -->
              <div class="configuration-method before">
                <span class="method-name">bm(public void core.ElementsValidationTestV.test(java.lang.String,java.lang.String,java.lang.String,jav...)</span>
                <span class="method-start">57103 ms</span>
              </div> <!-- configuration-method before -->
              <div class="test-method">
                <span class="method-name">test(Element: Button Reset, index.php, id_reset_button, (104, 37), (751, 494))</span>
                <span class="method-start">57103 ms</span>
              </div> <!-- test-method -->
              <div class="configuration-method after">
                <span class="method-name">am</span>
                <span class="method-start">58862 ms</span>
              </div> <!-- configuration-method after -->
              <div class="configuration-method before">
                <span class="method-name">bm(public void core.ElementsValidationTestV.test(java.lang.String,java.lang.String,java.lang.String,jav...)</span>
                <span class="method-start">59024 ms</span>
              </div> <!-- configuration-method before -->
              <div class="test-method">
                <span class="method-name">test(Element: Button Submit, index.php, id_submit_button, (118, 37), (1006, 494))</span>
                <span class="method-start">59024 ms</span>
              </div> <!-- test-method -->
              <div class="configuration-method after">
                <span class="method-name">am</span>
                <span class="method-start">60800 ms</span>
              </div> <!-- configuration-method after -->
              <div class="configuration-method before">
                <span class="method-name">bm(public void core.ElementsValidationTestV.test(java.lang.String,java.lang.String,java.lang.String,jav...)</span>
                <span class="method-start">60913 ms</span>
              </div> <!-- configuration-method before -->
              <div class="test-method">
                <span class="method-name">test(Element: Today's date, index.php, timestamp, (290, 24), (295, 551))</span>
                <span class="method-start">60913 ms</span>
              </div> <!-- test-method -->
              <div class="configuration-method after">
                <span class="method-name">am</span>
                <span class="method-start">62680 ms</span>
              </div> <!-- configuration-method after -->
              <div class="configuration-method before">
                <span class="method-name">bm(public void core.ElementsValidationTestV.test(java.lang.String,java.lang.String,java.lang.String,jav...)</span>
                <span class="method-start">62794 ms</span>
              </div> <!-- configuration-method before -->
              <div class="test-method">
                <span class="method-name">test(Element: Copyright, index.php, copyright, (250, 24), (585, 551))</span>
                <span class="method-start">62794 ms</span>
              </div> <!-- test-method -->
              <div class="configuration-method after">
                <span class="method-name">am</span>
                <span class="method-start">64587 ms</span>
              </div> <!-- configuration-method after -->
              <div class="configuration-method before">
                <span class="method-name">bm(public void core.ElementsValidationTestV.test(java.lang.String,java.lang.String,java.lang.String,jav...)</span>
                <span class="method-start">64694 ms</span>
              </div> <!-- configuration-method before -->
              <div class="test-method">
                <span class="method-name">test(Element: Os & browser, index.php, os_browser, (310, 24), (835, 551))</span>
                <span class="method-start">64695 ms</span>
              </div> <!-- test-method -->
              <div class="configuration-method after">
                <span class="method-name">am</span>
                <span class="method-start">66701 ms</span>
              </div> <!-- configuration-method after -->
              <div class="configuration-method before">
                <span class="method-name">bm(public void core.ElementsValidationTestV.test(java.lang.String,java.lang.String,java.lang.String,jav...)</span>
                <span class="method-start">66813 ms</span>
              </div> <!-- configuration-method before -->
              <div class="test-method">
                <span class="method-name">test(Element: Conf Page Title, confirmation.php, id_f_title, (249, 44), (320, 85))</span>
                <span class="method-start">66813 ms</span>
              </div> <!-- test-method -->
              <div class="configuration-method after">
                <span class="method-name">am</span>
                <span class="method-start">68052 ms</span>
              </div> <!-- configuration-method after -->
              <div class="configuration-method before">
                <span class="method-name">bm(public void core.ElementsValidationTestV.test(java.lang.String,java.lang.String,java.lang.String,jav...)</span>
                <span class="method-start">68206 ms</span>
              </div> <!-- configuration-method before -->
              <div class="test-method">
                <img src="failed.png">
                </img>
                <span class="method-name">test(Element: Label first name conf, confirmation.php, id_f_label_fn_conf, (104, 24), (321, 154))</span>
                <span class="method-start">68206 ms</span>
              </div> <!-- test-method -->
              <div class="configuration-method after">
                <span class="method-name">am</span>
                <span class="method-start">70671 ms</span>
              </div> <!-- configuration-method after -->
              <div class="configuration-method before">
                <span class="method-name">bm(public void core.ElementsValidationTestV.test(java.lang.String,java.lang.String,java.lang.String,jav...)</span>
                <span class="method-start">70781 ms</span>
              </div> <!-- configuration-method before -->
              <div class="test-method">
                <img src="failed.png">
                </img>
                <span class="method-name">test(Element: First name conf, confirmation.php, id_fname_conf, (10, 42), (321, 186))</span>
                <span class="method-start">70781 ms</span>
              </div> <!-- test-method -->
              <div class="configuration-method after">
                <span class="method-name">am</span>
                <span class="method-start">73002 ms</span>
              </div> <!-- configuration-method after -->
              <div class="configuration-method before">
                <span class="method-name">bm(public void core.ElementsValidationTestV.test(java.lang.String,java.lang.String,java.lang.String,jav...)</span>
                <span class="method-start">73152 ms</span>
              </div> <!-- configuration-method before -->
              <div class="test-method">
                <img src="failed.png">
                </img>
                <span class="method-name">test(Element: Label last name conf, confirmation.php, id_f_label_ln_conf, (103, 24), (746, 154))</span>
                <span class="method-start">73152 ms</span>
              </div> <!-- test-method -->
              <div class="configuration-method after">
                <span class="method-name">am</span>
                <span class="method-start">75441 ms</span>
              </div> <!-- configuration-method after -->
              <div class="configuration-method before">
                <span class="method-name">bm(public void core.ElementsValidationTestV.test(java.lang.String,java.lang.String,java.lang.String,jav...)</span>
                <span class="method-start">75551 ms</span>
              </div> <!-- configuration-method before -->
              <div class="test-method">
                <img src="failed.png">
                </img>
                <span class="method-name">test(Element: Last name conf, confirmation.php, id_lname_conf, (10, 42), (746, 186))</span>
                <span class="method-start">75552 ms</span>
              </div> <!-- test-method -->
              <div class="configuration-method after">
                <span class="method-name">am</span>
                <span class="method-start">77804 ms</span>
              </div> <!-- configuration-method after -->
              <div class="configuration-method before">
                <span class="method-name">bm(public void core.ElementsValidationTestV.test(java.lang.String,java.lang.String,java.lang.String,jav...)</span>
                <span class="method-start">77916 ms</span>
              </div> <!-- configuration-method before -->
              <div class="test-method">
                <img src="failed.png">
                </img>
                <span class="method-name">test(Element: Label email conf, confirmation.php, id_f_label_email_conf, (138, 24), (321, 234))</span>
                <span class="method-start">77917 ms</span>
              </div> <!-- test-method -->
              <div class="configuration-method after">
                <span class="method-name">am</span>
                <span class="method-start">80226 ms</span>
              </div> <!-- configuration-method after -->
              <div class="configuration-method before">
                <span class="method-name">bm(public void core.ElementsValidationTestV.test(java.lang.String,java.lang.String,java.lang.String,jav...)</span>
                <span class="method-start">80373 ms</span>
              </div> <!-- configuration-method before -->
              <div class="test-method">
                <img src="failed.png">
                </img>
                <span class="method-name">test(Element: Email conf, confirmation.php, id_email_conf, (10, 42), (321, 266))</span>
                <span class="method-start">80374 ms</span>
              </div> <!-- test-method -->
              <div class="configuration-method after">
                <span class="method-name">am</span>
                <span class="method-start">82891 ms</span>
              </div> <!-- configuration-method after -->
              <div class="configuration-method before">
                <span class="method-name">bm(public void core.ElementsValidationTestV.test(java.lang.String,java.lang.String,java.lang.String,jav...)</span>
                <span class="method-start">83042 ms</span>
              </div> <!-- configuration-method before -->
              <div class="test-method">
                <img src="failed.png">
                </img>
                <span class="method-name">test(Element: Label phone conf, confirmation.php, id_f_label_phone_conf, (143, 24), (746, 234))</span>
                <span class="method-start">83042 ms</span>
              </div> <!-- test-method -->
              <div class="configuration-method after">
                <span class="method-name">am</span>
                <span class="method-start">85253 ms</span>
              </div> <!-- configuration-method after -->
              <div class="configuration-method before">
                <span class="method-name">bm(public void core.ElementsValidationTestV.test(java.lang.String,java.lang.String,java.lang.String,jav...)</span>
                <span class="method-start">85360 ms</span>
              </div> <!-- configuration-method before -->
              <div class="test-method">
                <img src="failed.png">
                </img>
                <span class="method-name">test(Element: Phone_number conf, confirmation.php, id_phone_conf, (10, 42), (746, 266))</span>
                <span class="method-start">85360 ms</span>
              </div> <!-- test-method -->
              <div class="configuration-method after">
                <span class="method-name">am</span>
                <span class="method-start">87739 ms</span>
              </div> <!-- configuration-method after -->
              <div class="configuration-method before">
                <span class="method-name">bm(public void core.ElementsValidationTestV.test(java.lang.String,java.lang.String,java.lang.String,jav...)</span>
                <span class="method-start">87851 ms</span>
              </div> <!-- configuration-method before -->
              <div class="test-method">
                <img src="failed.png">
                </img>
                <span class="method-name">test(Element: Label gender conf, confirmation.php, id_f_label_gender_conf, (71, 24), (321, 314))</span>
                <span class="method-start">87851 ms</span>
              </div> <!-- test-method -->
              <div class="configuration-method after">
                <span class="method-name">am</span>
                <span class="method-start">90153 ms</span>
              </div> <!-- configuration-method after -->
              <div class="configuration-method before">
                <span class="method-name">bm(public void core.ElementsValidationTestV.test(java.lang.String,java.lang.String,java.lang.String,jav...)</span>
                <span class="method-start">90304 ms</span>
              </div> <!-- configuration-method before -->
              <div class="test-method">
                <img src="failed.png">
                </img>
                <span class="method-name">test(Element: Gender conf, confirmation.php, id_gender_conf, (10, 42), (321, 346))</span>
                <span class="method-start">90304 ms</span>
              </div> <!-- test-method -->
              <div class="configuration-method after">
                <span class="method-name">am</span>
                <span class="method-start">92588 ms</span>
              </div> <!-- configuration-method after -->
              <div class="configuration-method before">
                <span class="method-name">bm(public void core.ElementsValidationTestV.test(java.lang.String,java.lang.String,java.lang.String,jav...)</span>
                <span class="method-start">92691 ms</span>
              </div> <!-- configuration-method before -->
              <div class="test-method">
                <img src="failed.png">
                </img>
                <span class="method-name">test(Element: Label state conf, confirmation.php, id_f_label_state_conf, (50, 24), (746, 314))</span>
                <span class="method-start">92692 ms</span>
              </div> <!-- test-method -->
              <div class="configuration-method after">
                <span class="method-name">am</span>
                <span class="method-start">94962 ms</span>
              </div> <!-- configuration-method after -->
              <div class="configuration-method before">
                <span class="method-name">bm(public void core.ElementsValidationTestV.test(java.lang.String,java.lang.String,java.lang.String,jav...)</span>
                <span class="method-start">95113 ms</span>
              </div> <!-- configuration-method before -->
              <div class="test-method">
                <img src="failed.png">
                </img>
                <span class="method-name">test(Element: State conf, confirmation.php, id_state_conf, (10, 42), (746, 346))</span>
                <span class="method-start">95113 ms</span>
              </div> <!-- test-method -->
              <div class="configuration-method after">
                <span class="method-name">am</span>
                <span class="method-start">97355 ms</span>
              </div> <!-- configuration-method after -->
              <div class="configuration-method before">
                <span class="method-name">bm(public void core.ElementsValidationTestV.test(java.lang.String,java.lang.String,java.lang.String,jav...)</span>
                <span class="method-start">97471 ms</span>
              </div> <!-- configuration-method before -->
              <div class="test-method">
                <img src="failed.png">
                </img>
                <span class="method-name">test(Element: Label Terms? conf, confirmation.php, id_f_label_terms_conf, (70, 24), (321, 394))</span>
                <span class="method-start">97471 ms</span>
              </div> <!-- test-method -->
              <div class="configuration-method after">
                <span class="method-name">am</span>
                <span class="method-start">99697 ms</span>
              </div> <!-- configuration-method after -->
              <div class="configuration-method before">
                <span class="method-name">bm(public void core.ElementsValidationTestV.test(java.lang.String,java.lang.String,java.lang.String,jav...)</span>
                <span class="method-start">99849 ms</span>
              </div> <!-- configuration-method before -->
              <div class="test-method">
                <img src="failed.png">
                </img>
                <span class="method-name">test(Element: Terms conf, confirmation.php, id_terms_conf, (10, 42), (321, 426))</span>
                <span class="method-start">99849 ms</span>
              </div> <!-- test-method -->
              <div class="configuration-method after">
                <span class="method-name">am</span>
                <span class="method-start">102144 ms</span>
              </div> <!-- configuration-method after -->
              <div class="configuration-method before">
                <span class="method-name">bm(public void core.ElementsValidationTestV.test(java.lang.String,java.lang.String,java.lang.String,jav...)</span>
                <span class="method-start">102292 ms</span>
              </div> <!-- configuration-method before -->
              <div class="test-method">
                <span class="method-name">test(Element: Button Back, confirmation.php, id_back_button, (120, 37), (746, 492))</span>
                <span class="method-start">102292 ms</span>
              </div> <!-- test-method -->
              <div class="configuration-method after">
                <span class="method-name">am</span>
                <span class="method-start">103534 ms</span>
              </div> <!-- configuration-method after -->
              <div class="configuration-class after">
                <span class="method-name">ac</span>
                <span class="method-start">103638 ms</span>
              </div> <!-- configuration-class after -->
          </div> <!-- main-panel-content rounded-window-bottom -->
        </div> <!-- panel -->
      </div> <!-- main-panel-root -->
    </div> <!-- wrapper -->
  </body>
</html>
